<?xml version="1.0" encoding="UTF-8"?>
<robot generator="Robot 6.0.2 (Python 3.10.4 on win32)" generated="20230512 22:54:23.735" rpa="false" schemaversion="3">
<suite id="s1" name="Imdb" source="C:\Users\5aleda4rf\IdeaProjects\Testing_Assignment2\imdb.robot">
<test id="s1-t1" name="Scenario 1" line="30">
<kw name="Open Browser" library="SeleniumLibrary" type="SETUP">
<arg>${imdbUrl}</arg>
<arg>Chrome</arg>
<doc>Opens a new browser instance to the optional ``url``.</doc>
<msg timestamp="20230512 22:54:24.084" level="INFO">Opening browser 'Chrome' to base url 'https://www.imdb.com/'.</msg>
<msg timestamp="20230512 22:54:24.084" level="INFO">Executing: C:\Users\5aleda4rf\AppData\Local\Programs\Python\Python310\lib\site-packages\selenium\webdriver\common\windows\selenium-manager.exe --browser chrome --output json</msg>
<status status="PASS" starttime="20230512 22:54:24.084" endtime="20230512 22:54:31.493"/>
</kw>
<kw name="Maximize Browser Window" library="SeleniumLibrary">
<doc>Maximizes current browser window.</doc>
<status status="PASS" starttime="20230512 22:54:31.496" endtime="20230512 22:54:31.617"/>
</kw>
<kw name="Input Text" library="SeleniumLibrary">
<arg>xPath=//input[@id='suggestion-search']</arg>
<arg>${selectedMovieName}</arg>
<doc>Types the given ``text`` into the text field identified by ``locator``.</doc>
<msg timestamp="20230512 22:54:31.617" level="INFO">Typing text 'The Shawshank Redemption' into text field 'xPath=//input[@id='suggestion-search']'.</msg>
<status status="PASS" starttime="20230512 22:54:31.617" endtime="20230512 22:54:31.784"/>
</kw>
<kw name="Sleep3">
<kw name="Sleep" library="BuiltIn">
<arg>3</arg>
<doc>Pauses the test executed for the given time.</doc>
<msg timestamp="20230512 22:54:34.794" level="INFO">Slept 3 seconds</msg>
<status status="PASS" starttime="20230512 22:54:31.785" endtime="20230512 22:54:34.794"/>
</kw>
<status status="PASS" starttime="20230512 22:54:31.784" endtime="20230512 22:54:34.794"/>
</kw>
<kw name="Take Screenshot" library="Screenshot">
<arg>11-GetInput In Search Field</arg>
<doc>Takes a screenshot in JPEG format and embeds it into the log file.</doc>
<msg timestamp="20230512 22:54:34.877" level="INFO" html="true">&lt;a href="11-GetInput%20In%20Search%20Field_1.jpg"&gt;&lt;img src="11-GetInput%20In%20Search%20Field_1.jpg" width="800px"&gt;&lt;/a&gt;</msg>
<status status="PASS" starttime="20230512 22:54:34.794" endtime="20230512 22:54:34.879"/>
</kw>
<kw name="Click Button" library="SeleniumLibrary">
<arg>xPath=//*[@id="suggestion-search-button"]</arg>
<doc>Clicks the button identified by ``locator``.</doc>
<msg timestamp="20230512 22:54:34.879" level="INFO">Clicking button 'xPath=//*[@id="suggestion-search-button"]'.</msg>
<status status="PASS" starttime="20230512 22:54:34.879" endtime="20230512 22:54:37.717"/>
</kw>
<kw name="Wait Until Page Contains Element" library="SeleniumLibrary">
<arg>xPath=//*[@id="__next"]/main/div[2]/div[3]/section/div/div[1]/section[2]</arg>
<doc>Waits until the element ``locator`` appears on the current page.</doc>
<status status="PASS" starttime="20230512 22:54:37.717" endtime="20230512 22:54:37.730"/>
</kw>
<kw name="Take Screenshot" library="Screenshot">
<arg>12-Show Elements After Click Search Button</arg>
<doc>Takes a screenshot in JPEG format and embeds it into the log file.</doc>
<msg timestamp="20230512 22:54:37.779" level="INFO" html="true">&lt;a href="12-Show%20Elements%20After%20Click%20Search%20Button_1.jpg"&gt;&lt;img src="12-Show%20Elements%20After%20Click%20Search%20Button_1.jpg" width="800px"&gt;&lt;/a&gt;</msg>
<status status="PASS" starttime="20230512 22:54:37.730" endtime="20230512 22:54:37.779"/>
</kw>
<kw name="Page Should Not Contain" library="SeleniumLibrary">
<arg>No results found for "${selectedMovieName}"</arg>
<doc>Verifies the current page does not contain ``text``.</doc>
<msg timestamp="20230512 22:54:37.821" level="INFO">Current page does not contain text 'No results found for "The Shawshank Redemption"'.</msg>
<status status="PASS" starttime="20230512 22:54:37.780" endtime="20230512 22:54:37.822"/>
</kw>
<kw name="Sleep3">
<kw name="Sleep" library="BuiltIn">
<arg>3</arg>
<doc>Pauses the test executed for the given time.</doc>
<msg timestamp="20230512 22:54:40.836" level="INFO">Slept 3 seconds</msg>
<status status="PASS" starttime="20230512 22:54:37.822" endtime="20230512 22:54:40.836"/>
</kw>
<status status="PASS" starttime="20230512 22:54:37.822" endtime="20230512 22:54:40.836"/>
</kw>
<kw name="Get Text" library="SeleniumLibrary">
<var>${firstResult}</var>
<arg>//*[@id="__next"]/main/div[2]/div[3]/section/div/div[1]/section[2]/div[2]/ul/li[1]/div[2]/div/a</arg>
<doc>Returns the text value of the element identified by ``locator``.</doc>
<msg timestamp="20230512 22:54:40.868" level="INFO">${firstResult} = The Shawshank Redemption</msg>
<status status="PASS" starttime="20230512 22:54:40.836" endtime="20230512 22:54:40.868"/>
</kw>
<kw name="Should Be Equal" library="BuiltIn">
<arg>${firstResult}</arg>
<arg>${selectedMovieName}</arg>
<doc>Fails if the given objects are unequal.</doc>
<status status="PASS" starttime="20230512 22:54:40.868" endtime="20230512 22:54:40.868"/>
</kw>
<kw name="Sleep3">
<kw name="Sleep" library="BuiltIn">
<arg>3</arg>
<doc>Pauses the test executed for the given time.</doc>
<msg timestamp="20230512 22:54:43.872" level="INFO">Slept 3 seconds</msg>
<status status="PASS" starttime="20230512 22:54:40.868" endtime="20230512 22:54:43.872"/>
</kw>
<status status="PASS" starttime="20230512 22:54:40.868" endtime="20230512 22:54:43.872"/>
</kw>
<kw name="Click Button" library="SeleniumLibrary">
<arg>xPath=//*[@id="__next"]/main/div[2]/div[3]/section/div/div[1]/section[2]/div[2]/div/span/button</arg>
<doc>Clicks the button identified by ``locator``.</doc>
<msg timestamp="20230512 22:54:43.872" level="INFO">Clicking button 'xPath=//*[@id="__next"]/main/div[2]/div[3]/section/div/div[1]/section[2]/div[2]/div/span/button'.</msg>
<status status="PASS" starttime="20230512 22:54:43.872" endtime="20230512 22:54:43.943"/>
</kw>
<kw name="Sleep5">
<kw name="Sleep" library="BuiltIn">
<arg>5</arg>
<doc>Pauses the test executed for the given time.</doc>
<msg timestamp="20230512 22:54:48.956" level="INFO">Slept 5 seconds</msg>
<status status="PASS" starttime="20230512 22:54:43.943" endtime="20230512 22:54:48.956"/>
</kw>
<status status="PASS" starttime="20230512 22:54:43.943" endtime="20230512 22:54:48.956"/>
</kw>
<kw name="Get WebElements" library="SeleniumLibrary">
<var>${elementsNames}</var>
<arg>class=ipc-metadata-list-summary-item__t</arg>
<doc>Returns a list of WebElement objects matching the ``locator``.</doc>
<msg timestamp="20230512 22:54:48.963" level="INFO">${elementsNames} = [&lt;selenium.webdriver.remote.webelement.WebElement (session="b0144474ec17a7287c9f3a5082bfe4f0", element="E2A9C042D8C6E83EB098C2AA7DDF7514_element_86")&gt;, &lt;selenium.webdriver.remote.webelement.WebElement...</msg>
<status status="PASS" starttime="20230512 22:54:48.956" endtime="20230512 22:54:48.963"/>
</kw>
<kw name="Convert To Lower Case" library="String">
<var>${SelectedMovieNameLower}</var>
<arg>${selectedMovieName}</arg>
<doc>Converts string to lower case.</doc>
<msg timestamp="20230512 22:54:48.963" level="INFO">${SelectedMovieNameLower} = the shawshank redemption</msg>
<status status="PASS" starttime="20230512 22:54:48.963" endtime="20230512 22:54:48.963"/>
</kw>
<for flavor="IN">
<var>${element}</var>
<value>@{elementsNames}</value>
<iter>
<var name="${element}">&lt;selenium.webdriver.remote.webelement.WebElement (session="b0144474ec17a7287c9f3a5082bfe4f0", element="E2A9C042D8C6E83EB098C2AA7DDF7514_element_86")&gt;</var>
<kw name="Get Text" library="SeleniumLibrary">
<var>${elementName}</var>
<arg>${element}</arg>
<doc>Returns the text value of the element identified by ``locator``.</doc>
<msg timestamp="20230512 22:54:48.987" level="INFO">${elementName} = The Shawshank Redemption</msg>
<status status="PASS" starttime="20230512 22:54:48.963" endtime="20230512 22:54:48.987"/>
</kw>
<kw name="Convert To Lower Case" library="String">
<var>${elementName}</var>
<arg>${elementName}</arg>
<doc>Converts string to lower case.</doc>
<msg timestamp="20230512 22:54:48.988" level="INFO">${elementName} = the shawshank redemption</msg>
<status status="PASS" starttime="20230512 22:54:48.988" endtime="20230512 22:54:48.988"/>
</kw>
<kw name="Should Contain" library="BuiltIn">
<arg>${elementName}</arg>
<arg>${SelectedMovieNameLower}</arg>
<doc>Fails if ``container`` does not contain ``item`` one or more times.</doc>
<status status="PASS" starttime="20230512 22:54:48.988" endtime="20230512 22:54:48.989"/>
</kw>
<status status="PASS" starttime="20230512 22:54:48.963" endtime="20230512 22:54:48.989"/>
</iter>
<iter>
<var name="${element}">&lt;selenium.webdriver.remote.webelement.WebElement (session="b0144474ec17a7287c9f3a5082bfe4f0", element="E2A9C042D8C6E83EB098C2AA7DDF7514_element_89")&gt;</var>
<kw name="Get Text" library="SeleniumLibrary">
<var>${elementName}</var>
<arg>${element}</arg>
<doc>Returns the text value of the element identified by ``locator``.</doc>
<msg timestamp="20230512 22:54:48.997" level="INFO">${elementName} = The Shawshank Redemption (Scene)</msg>
<status status="PASS" starttime="20230512 22:54:48.989" endtime="20230512 22:54:48.997"/>
</kw>
<kw name="Convert To Lower Case" library="String">
<var>${elementName}</var>
<arg>${elementName}</arg>
<doc>Converts string to lower case.</doc>
<msg timestamp="20230512 22:54:48.997" level="INFO">${elementName} = the shawshank redemption (scene)</msg>
<status status="PASS" starttime="20230512 22:54:48.997" endtime="20230512 22:54:49.000"/>
</kw>
<kw name="Should Contain" library="BuiltIn">
<arg>${elementName}</arg>
<arg>${SelectedMovieNameLower}</arg>
<doc>Fails if ``container`` does not contain ``item`` one or more times.</doc>
<status status="PASS" starttime="20230512 22:54:49.000" endtime="20230512 22:54:49.000"/>
</kw>
<status status="PASS" starttime="20230512 22:54:48.989" endtime="20230512 22:54:49.000"/>
</iter>
<iter>
<var name="${element}">&lt;selenium.webdriver.remote.webelement.WebElement (session="b0144474ec17a7287c9f3a5082bfe4f0", element="E2A9C042D8C6E83EB098C2AA7DDF7514_element_90")&gt;</var>
<kw name="Get Text" library="SeleniumLibrary">
<var>${elementName}</var>
<arg>${element}</arg>
<doc>Returns the text value of the element identified by ``locator``.</doc>
<msg timestamp="20230512 22:54:49.000" level="INFO">${elementName} = The Shawshank Redemption: Cast Interviews</msg>
<status status="PASS" starttime="20230512 22:54:49.000" endtime="20230512 22:54:49.000"/>
</kw>
<kw name="Convert To Lower Case" library="String">
<var>${elementName}</var>
<arg>${elementName}</arg>
<doc>Converts string to lower case.</doc>
<msg timestamp="20230512 22:54:49.000" level="INFO">${elementName} = the shawshank redemption: cast interviews</msg>
<status status="PASS" starttime="20230512 22:54:49.000" endtime="20230512 22:54:49.000"/>
</kw>
<kw name="Should Contain" library="BuiltIn">
<arg>${elementName}</arg>
<arg>${SelectedMovieNameLower}</arg>
<doc>Fails if ``container`` does not contain ``item`` one or more times.</doc>
<status status="PASS" starttime="20230512 22:54:49.000" endtime="20230512 22:54:49.000"/>
</kw>
<status status="PASS" starttime="20230512 22:54:49.000" endtime="20230512 22:54:49.000"/>
</iter>
<iter>
<var name="${element}">&lt;selenium.webdriver.remote.webelement.WebElement (session="b0144474ec17a7287c9f3a5082bfe4f0", element="E2A9C042D8C6E83EB098C2AA7DDF7514_element_91")&gt;</var>
<kw name="Get Text" library="SeleniumLibrary">
<var>${elementName}</var>
<arg>${element}</arg>
<doc>Returns the text value of the element identified by ``locator``.</doc>
<msg timestamp="20230512 22:54:49.013" level="INFO">${elementName} = The Shawshank Redemption: Behind the Scenes</msg>
<status status="PASS" starttime="20230512 22:54:49.000" endtime="20230512 22:54:49.013"/>
</kw>
<kw name="Convert To Lower Case" library="String">
<var>${elementName}</var>
<arg>${elementName}</arg>
<doc>Converts string to lower case.</doc>
<msg timestamp="20230512 22:54:49.013" level="INFO">${elementName} = the shawshank redemption: behind the scenes</msg>
<status status="PASS" starttime="20230512 22:54:49.013" endtime="20230512 22:54:49.013"/>
</kw>
<kw name="Should Contain" library="BuiltIn">
<arg>${elementName}</arg>
<arg>${SelectedMovieNameLower}</arg>
<doc>Fails if ``container`` does not contain ``item`` one or more times.</doc>
<status status="PASS" starttime="20230512 22:54:49.013" endtime="20230512 22:54:49.013"/>
</kw>
<status status="PASS" starttime="20230512 22:54:49.000" endtime="20230512 22:54:49.013"/>
</iter>
<iter>
<var name="${element}">&lt;selenium.webdriver.remote.webelement.WebElement (session="b0144474ec17a7287c9f3a5082bfe4f0", element="E2A9C042D8C6E83EB098C2AA7DDF7514_element_92")&gt;</var>
<kw name="Get Text" library="SeleniumLibrary">
<var>${elementName}</var>
<arg>${element}</arg>
<doc>Returns the text value of the element identified by ``locator``.</doc>
<msg timestamp="20230512 22:54:49.013" level="INFO">${elementName} = Hope Springs Eternal: A Look Back at 'the Shawshank Redemption'</msg>
<status status="PASS" starttime="20230512 22:54:49.013" endtime="20230512 22:54:49.013"/>
</kw>
<kw name="Convert To Lower Case" library="String">
<var>${elementName}</var>
<arg>${elementName}</arg>
<doc>Converts string to lower case.</doc>
<msg timestamp="20230512 22:54:49.013" level="INFO">${elementName} = hope springs eternal: a look back at 'the shawshank redemption'</msg>
<status status="PASS" starttime="20230512 22:54:49.013" endtime="20230512 22:54:49.013"/>
</kw>
<kw name="Should Contain" library="BuiltIn">
<arg>${elementName}</arg>
<arg>${SelectedMovieNameLower}</arg>
<doc>Fails if ``container`` does not contain ``item`` one or more times.</doc>
<status status="PASS" starttime="20230512 22:54:49.013" endtime="20230512 22:54:49.013"/>
</kw>
<status status="PASS" starttime="20230512 22:54:49.013" endtime="20230512 22:54:49.013"/>
</iter>
<iter>
<var name="${element}">&lt;selenium.webdriver.remote.webelement.WebElement (session="b0144474ec17a7287c9f3a5082bfe4f0", element="E2A9C042D8C6E83EB098C2AA7DDF7514_element_93")&gt;</var>
<kw name="Get Text" library="SeleniumLibrary">
<var>${elementName}</var>
<arg>${element}</arg>
<doc>Returns the text value of the element identified by ``locator``.</doc>
<msg timestamp="20230512 22:54:49.036" level="INFO">${elementName} = The Shawshank Redemption</msg>
<status status="PASS" starttime="20230512 22:54:49.013" endtime="20230512 22:54:49.037"/>
</kw>
<kw name="Convert To Lower Case" library="String">
<var>${elementName}</var>
<arg>${elementName}</arg>
<doc>Converts string to lower case.</doc>
<msg timestamp="20230512 22:54:49.038" level="INFO">${elementName} = the shawshank redemption</msg>
<status status="PASS" starttime="20230512 22:54:49.037" endtime="20230512 22:54:49.038"/>
</kw>
<kw name="Should Contain" library="BuiltIn">
<arg>${elementName}</arg>
<arg>${SelectedMovieNameLower}</arg>
<doc>Fails if ``container`` does not contain ``item`` one or more times.</doc>
<status status="PASS" starttime="20230512 22:54:49.038" endtime="20230512 22:54:49.039"/>
</kw>
<status status="PASS" starttime="20230512 22:54:49.013" endtime="20230512 22:54:49.039"/>
</iter>
<iter>
<var name="${element}">&lt;selenium.webdriver.remote.webelement.WebElement (session="b0144474ec17a7287c9f3a5082bfe4f0", element="E2A9C042D8C6E83EB098C2AA7DDF7514_element_94")&gt;</var>
<kw name="Get Text" library="SeleniumLibrary">
<var>${elementName}</var>
<arg>${element}</arg>
<doc>Returns the text value of the element identified by ``locator``.</doc>
<msg timestamp="20230512 22:54:49.048" level="INFO">${elementName} = The Shawshank Redemption</msg>
<status status="PASS" starttime="20230512 22:54:49.040" endtime="20230512 22:54:49.048"/>
</kw>
<kw name="Convert To Lower Case" library="String">
<var>${elementName}</var>
<arg>${elementName}</arg>
<doc>Converts string to lower case.</doc>
<msg timestamp="20230512 22:54:49.049" level="INFO">${elementName} = the shawshank redemption</msg>
<status status="PASS" starttime="20230512 22:54:49.049" endtime="20230512 22:54:49.049"/>
</kw>
<kw name="Should Contain" library="BuiltIn">
<arg>${elementName}</arg>
<arg>${SelectedMovieNameLower}</arg>
<doc>Fails if ``container`` does not contain ``item`` one or more times.</doc>
<status status="PASS" starttime="20230512 22:54:49.049" endtime="20230512 22:54:49.050"/>
</kw>
<status status="PASS" starttime="20230512 22:54:49.039" endtime="20230512 22:54:49.050"/>
</iter>
<iter>
<var name="${element}">&lt;selenium.webdriver.remote.webelement.WebElement (session="b0144474ec17a7287c9f3a5082bfe4f0", element="E2A9C042D8C6E83EB098C2AA7DDF7514_element_95")&gt;</var>
<kw name="Get Text" library="SeleniumLibrary">
<var>${elementName}</var>
<arg>${element}</arg>
<doc>Returns the text value of the element identified by ``locator``.</doc>
<msg timestamp="20230512 22:54:49.056" level="INFO">${elementName} = The Shawshank Redemption</msg>
<status status="PASS" starttime="20230512 22:54:49.050" endtime="20230512 22:54:49.056"/>
</kw>
<kw name="Convert To Lower Case" library="String">
<var>${elementName}</var>
<arg>${elementName}</arg>
<doc>Converts string to lower case.</doc>
<msg timestamp="20230512 22:54:49.056" level="INFO">${elementName} = the shawshank redemption</msg>
<status status="PASS" starttime="20230512 22:54:49.056" endtime="20230512 22:54:49.056"/>
</kw>
<kw name="Should Contain" library="BuiltIn">
<arg>${elementName}</arg>
<arg>${SelectedMovieNameLower}</arg>
<doc>Fails if ``container`` does not contain ``item`` one or more times.</doc>
<status status="PASS" starttime="20230512 22:54:49.056" endtime="20230512 22:54:49.056"/>
</kw>
<status status="PASS" starttime="20230512 22:54:49.050" endtime="20230512 22:54:49.056"/>
</iter>
<iter>
<var name="${element}">&lt;selenium.webdriver.remote.webelement.WebElement (session="b0144474ec17a7287c9f3a5082bfe4f0", element="E2A9C042D8C6E83EB098C2AA7DDF7514_element_96")&gt;</var>
<kw name="Get Text" library="SeleniumLibrary">
<var>${elementName}</var>
<arg>${element}</arg>
<doc>Returns the text value of the element identified by ``locator``.</doc>
<msg timestamp="20230512 22:54:49.062" level="INFO">${elementName} = The Shawshank Redemption</msg>
<status status="PASS" starttime="20230512 22:54:49.057" endtime="20230512 22:54:49.062"/>
</kw>
<kw name="Convert To Lower Case" library="String">
<var>${elementName}</var>
<arg>${elementName}</arg>
<doc>Converts string to lower case.</doc>
<msg timestamp="20230512 22:54:49.063" level="INFO">${elementName} = the shawshank redemption</msg>
<status status="PASS" starttime="20230512 22:54:49.063" endtime="20230512 22:54:49.063"/>
</kw>
<kw name="Should Contain" library="BuiltIn">
<arg>${elementName}</arg>
<arg>${SelectedMovieNameLower}</arg>
<doc>Fails if ``container`` does not contain ``item`` one or more times.</doc>
<status status="PASS" starttime="20230512 22:54:49.063" endtime="20230512 22:54:49.063"/>
</kw>
<status status="PASS" starttime="20230512 22:54:49.057" endtime="20230512 22:54:49.063"/>
</iter>
<iter>
<var name="${element}">&lt;selenium.webdriver.remote.webelement.WebElement (session="b0144474ec17a7287c9f3a5082bfe4f0", element="E2A9C042D8C6E83EB098C2AA7DDF7514_element_97")&gt;</var>
<kw name="Get Text" library="SeleniumLibrary">
<var>${elementName}</var>
<arg>${element}</arg>
<doc>Returns the text value of the element identified by ``locator``.</doc>
<msg timestamp="20230512 22:54:49.069" level="INFO">${elementName} = The Shawshank Redemption</msg>
<status status="PASS" starttime="20230512 22:54:49.064" endtime="20230512 22:54:49.069"/>
</kw>
<kw name="Convert To Lower Case" library="String">
<var>${elementName}</var>
<arg>${elementName}</arg>
<doc>Converts string to lower case.</doc>
<msg timestamp="20230512 22:54:49.070" level="INFO">${elementName} = the shawshank redemption</msg>
<status status="PASS" starttime="20230512 22:54:49.070" endtime="20230512 22:54:49.070"/>
</kw>
<kw name="Should Contain" library="BuiltIn">
<arg>${elementName}</arg>
<arg>${SelectedMovieNameLower}</arg>
<doc>Fails if ``container`` does not contain ``item`` one or more times.</doc>
<status status="PASS" starttime="20230512 22:54:49.070" endtime="20230512 22:54:49.070"/>
</kw>
<status status="PASS" starttime="20230512 22:54:49.063" endtime="20230512 22:54:49.070"/>
</iter>
<iter>
<var name="${element}">&lt;selenium.webdriver.remote.webelement.WebElement (session="b0144474ec17a7287c9f3a5082bfe4f0", element="E2A9C042D8C6E83EB098C2AA7DDF7514_element_98")&gt;</var>
<kw name="Get Text" library="SeleniumLibrary">
<var>${elementName}</var>
<arg>${element}</arg>
<doc>Returns the text value of the element identified by ``locator``.</doc>
<msg timestamp="20230512 22:54:49.073" level="INFO">${elementName} = The Shawshank Redemption</msg>
<status status="PASS" starttime="20230512 22:54:49.070" endtime="20230512 22:54:49.073"/>
</kw>
<kw name="Convert To Lower Case" library="String">
<var>${elementName}</var>
<arg>${elementName}</arg>
<doc>Converts string to lower case.</doc>
<msg timestamp="20230512 22:54:49.073" level="INFO">${elementName} = the shawshank redemption</msg>
<status status="PASS" starttime="20230512 22:54:49.073" endtime="20230512 22:54:49.073"/>
</kw>
<kw name="Should Contain" library="BuiltIn">
<arg>${elementName}</arg>
<arg>${SelectedMovieNameLower}</arg>
<doc>Fails if ``container`` does not contain ``item`` one or more times.</doc>
<status status="PASS" starttime="20230512 22:54:49.073" endtime="20230512 22:54:49.073"/>
</kw>
<status status="PASS" starttime="20230512 22:54:49.070" endtime="20230512 22:54:49.073"/>
</iter>
<iter>
<var name="${element}">&lt;selenium.webdriver.remote.webelement.WebElement (session="b0144474ec17a7287c9f3a5082bfe4f0", element="E2A9C042D8C6E83EB098C2AA7DDF7514_element_99")&gt;</var>
<kw name="Get Text" library="SeleniumLibrary">
<var>${elementName}</var>
<arg>${element}</arg>
<doc>Returns the text value of the element identified by ``locator``.</doc>
<msg timestamp="20230512 22:54:49.073" level="INFO">${elementName} = The Shawshank Redemption</msg>
<status status="PASS" starttime="20230512 22:54:49.073" endtime="20230512 22:54:49.073"/>
</kw>
<kw name="Convert To Lower Case" library="String">
<var>${elementName}</var>
<arg>${elementName}</arg>
<doc>Converts string to lower case.</doc>
<msg timestamp="20230512 22:54:49.073" level="INFO">${elementName} = the shawshank redemption</msg>
<status status="PASS" starttime="20230512 22:54:49.073" endtime="20230512 22:54:49.073"/>
</kw>
<kw name="Should Contain" library="BuiltIn">
<arg>${elementName}</arg>
<arg>${SelectedMovieNameLower}</arg>
<doc>Fails if ``container`` does not contain ``item`` one or more times.</doc>
<status status="PASS" starttime="20230512 22:54:49.073" endtime="20230512 22:54:49.073"/>
</kw>
<status status="PASS" starttime="20230512 22:54:49.073" endtime="20230512 22:54:49.073"/>
</iter>
<iter>
<var name="${element}">&lt;selenium.webdriver.remote.webelement.WebElement (session="b0144474ec17a7287c9f3a5082bfe4f0", element="E2A9C042D8C6E83EB098C2AA7DDF7514_element_100")&gt;</var>
<kw name="Get Text" library="SeleniumLibrary">
<var>${elementName}</var>
<arg>${element}</arg>
<doc>Returns the text value of the element identified by ``locator``.</doc>
<msg timestamp="20230512 22:54:49.088" level="INFO">${elementName} = The Shawshank Redemption</msg>
<status status="PASS" starttime="20230512 22:54:49.073" endtime="20230512 22:54:49.088"/>
</kw>
<kw name="Convert To Lower Case" library="String">
<var>${elementName}</var>
<arg>${elementName}</arg>
<doc>Converts string to lower case.</doc>
<msg timestamp="20230512 22:54:49.088" level="INFO">${elementName} = the shawshank redemption</msg>
<status status="PASS" starttime="20230512 22:54:49.088" endtime="20230512 22:54:49.088"/>
</kw>
<kw name="Should Contain" library="BuiltIn">
<arg>${elementName}</arg>
<arg>${SelectedMovieNameLower}</arg>
<doc>Fails if ``container`` does not contain ``item`` one or more times.</doc>
<status status="PASS" starttime="20230512 22:54:49.088" endtime="20230512 22:54:49.088"/>
</kw>
<status status="PASS" starttime="20230512 22:54:49.073" endtime="20230512 22:54:49.088"/>
</iter>
<iter>
<var name="${element}">&lt;selenium.webdriver.remote.webelement.WebElement (session="b0144474ec17a7287c9f3a5082bfe4f0", element="E2A9C042D8C6E83EB098C2AA7DDF7514_element_101")&gt;</var>
<kw name="Get Text" library="SeleniumLibrary">
<var>${elementName}</var>
<arg>${element}</arg>
<doc>Returns the text value of the element identified by ``locator``.</doc>
<msg timestamp="20230512 22:54:49.088" level="INFO">${elementName} = The Shawshank Redemption</msg>
<status status="PASS" starttime="20230512 22:54:49.088" endtime="20230512 22:54:49.088"/>
</kw>
<kw name="Convert To Lower Case" library="String">
<var>${elementName}</var>
<arg>${elementName}</arg>
<doc>Converts string to lower case.</doc>
<msg timestamp="20230512 22:54:49.088" level="INFO">${elementName} = the shawshank redemption</msg>
<status status="PASS" starttime="20230512 22:54:49.088" endtime="20230512 22:54:49.088"/>
</kw>
<kw name="Should Contain" library="BuiltIn">
<arg>${elementName}</arg>
<arg>${SelectedMovieNameLower}</arg>
<doc>Fails if ``container`` does not contain ``item`` one or more times.</doc>
<status status="PASS" starttime="20230512 22:54:49.088" endtime="20230512 22:54:49.088"/>
</kw>
<status status="PASS" starttime="20230512 22:54:49.088" endtime="20230512 22:54:49.088"/>
</iter>
<iter>
<var name="${element}">&lt;selenium.webdriver.remote.webelement.WebElement (session="b0144474ec17a7287c9f3a5082bfe4f0", element="E2A9C042D8C6E83EB098C2AA7DDF7514_element_102")&gt;</var>
<kw name="Get Text" library="SeleniumLibrary">
<var>${elementName}</var>
<arg>${element}</arg>
<doc>Returns the text value of the element identified by ``locator``.</doc>
<msg timestamp="20230512 22:54:49.102" level="INFO">${elementName} = The Shawshank Redemption</msg>
<status status="PASS" starttime="20230512 22:54:49.088" endtime="20230512 22:54:49.102"/>
</kw>
<kw name="Convert To Lower Case" library="String">
<var>${elementName}</var>
<arg>${elementName}</arg>
<doc>Converts string to lower case.</doc>
<msg timestamp="20230512 22:54:49.102" level="INFO">${elementName} = the shawshank redemption</msg>
<status status="PASS" starttime="20230512 22:54:49.102" endtime="20230512 22:54:49.102"/>
</kw>
<kw name="Should Contain" library="BuiltIn">
<arg>${elementName}</arg>
<arg>${SelectedMovieNameLower}</arg>
<doc>Fails if ``container`` does not contain ``item`` one or more times.</doc>
<status status="PASS" starttime="20230512 22:54:49.102" endtime="20230512 22:54:49.102"/>
</kw>
<status status="PASS" starttime="20230512 22:54:49.088" endtime="20230512 22:54:49.102"/>
</iter>
<iter>
<var name="${element}">&lt;selenium.webdriver.remote.webelement.WebElement (session="b0144474ec17a7287c9f3a5082bfe4f0", element="E2A9C042D8C6E83EB098C2AA7DDF7514_element_103")&gt;</var>
<kw name="Get Text" library="SeleniumLibrary">
<var>${elementName}</var>
<arg>${element}</arg>
<doc>Returns the text value of the element identified by ``locator``.</doc>
<msg timestamp="20230512 22:54:49.109" level="INFO">${elementName} = The Shawshank Redemption</msg>
<status status="PASS" starttime="20230512 22:54:49.103" endtime="20230512 22:54:49.109"/>
</kw>
<kw name="Convert To Lower Case" library="String">
<var>${elementName}</var>
<arg>${elementName}</arg>
<doc>Converts string to lower case.</doc>
<msg timestamp="20230512 22:54:49.110" level="INFO">${elementName} = the shawshank redemption</msg>
<status status="PASS" starttime="20230512 22:54:49.110" endtime="20230512 22:54:49.110"/>
</kw>
<kw name="Should Contain" library="BuiltIn">
<arg>${elementName}</arg>
<arg>${SelectedMovieNameLower}</arg>
<doc>Fails if ``container`` does not contain ``item`` one or more times.</doc>
<status status="PASS" starttime="20230512 22:54:49.110" endtime="20230512 22:54:49.110"/>
</kw>
<status status="PASS" starttime="20230512 22:54:49.103" endtime="20230512 22:54:49.110"/>
</iter>
<iter>
<var name="${element}">&lt;selenium.webdriver.remote.webelement.WebElement (session="b0144474ec17a7287c9f3a5082bfe4f0", element="E2A9C042D8C6E83EB098C2AA7DDF7514_element_104")&gt;</var>
<kw name="Get Text" library="SeleniumLibrary">
<var>${elementName}</var>
<arg>${element}</arg>
<doc>Returns the text value of the element identified by ``locator``.</doc>
<msg timestamp="20230512 22:54:49.116" level="INFO">${elementName} = The Shawshank Redemption</msg>
<status status="PASS" starttime="20230512 22:54:49.110" endtime="20230512 22:54:49.116"/>
</kw>
<kw name="Convert To Lower Case" library="String">
<var>${elementName}</var>
<arg>${elementName}</arg>
<doc>Converts string to lower case.</doc>
<msg timestamp="20230512 22:54:49.116" level="INFO">${elementName} = the shawshank redemption</msg>
<status status="PASS" starttime="20230512 22:54:49.116" endtime="20230512 22:54:49.116"/>
</kw>
<kw name="Should Contain" library="BuiltIn">
<arg>${elementName}</arg>
<arg>${SelectedMovieNameLower}</arg>
<doc>Fails if ``container`` does not contain ``item`` one or more times.</doc>
<status status="PASS" starttime="20230512 22:54:49.116" endtime="20230512 22:54:49.116"/>
</kw>
<status status="PASS" starttime="20230512 22:54:49.110" endtime="20230512 22:54:49.116"/>
</iter>
<iter>
<var name="${element}">&lt;selenium.webdriver.remote.webelement.WebElement (session="b0144474ec17a7287c9f3a5082bfe4f0", element="E2A9C042D8C6E83EB098C2AA7DDF7514_element_105")&gt;</var>
<kw name="Get Text" library="SeleniumLibrary">
<var>${elementName}</var>
<arg>${element}</arg>
<doc>Returns the text value of the element identified by ``locator``.</doc>
<msg timestamp="20230512 22:54:49.116" level="INFO">${elementName} = The Shawshank Redemption</msg>
<status status="PASS" starttime="20230512 22:54:49.116" endtime="20230512 22:54:49.116"/>
</kw>
<kw name="Convert To Lower Case" library="String">
<var>${elementName}</var>
<arg>${elementName}</arg>
<doc>Converts string to lower case.</doc>
<msg timestamp="20230512 22:54:49.116" level="INFO">${elementName} = the shawshank redemption</msg>
<status status="PASS" starttime="20230512 22:54:49.116" endtime="20230512 22:54:49.116"/>
</kw>
<kw name="Should Contain" library="BuiltIn">
<arg>${elementName}</arg>
<arg>${SelectedMovieNameLower}</arg>
<doc>Fails if ``container`` does not contain ``item`` one or more times.</doc>
<status status="PASS" starttime="20230512 22:54:49.116" endtime="20230512 22:54:49.116"/>
</kw>
<status status="PASS" starttime="20230512 22:54:49.116" endtime="20230512 22:54:49.116"/>
</iter>
<iter>
<var name="${element}">&lt;selenium.webdriver.remote.webelement.WebElement (session="b0144474ec17a7287c9f3a5082bfe4f0", element="E2A9C042D8C6E83EB098C2AA7DDF7514_element_106")&gt;</var>
<kw name="Get Text" library="SeleniumLibrary">
<var>${elementName}</var>
<arg>${element}</arg>
<doc>Returns the text value of the element identified by ``locator``.</doc>
<msg timestamp="20230512 22:54:49.116" level="INFO">${elementName} = The Shawshank Redemption</msg>
<status status="PASS" starttime="20230512 22:54:49.116" endtime="20230512 22:54:49.116"/>
</kw>
<kw name="Convert To Lower Case" library="String">
<var>${elementName}</var>
<arg>${elementName}</arg>
<doc>Converts string to lower case.</doc>
<msg timestamp="20230512 22:54:49.116" level="INFO">${elementName} = the shawshank redemption</msg>
<status status="PASS" starttime="20230512 22:54:49.116" endtime="20230512 22:54:49.116"/>
</kw>
<kw name="Should Contain" library="BuiltIn">
<arg>${elementName}</arg>
<arg>${SelectedMovieNameLower}</arg>
<doc>Fails if ``container`` does not contain ``item`` one or more times.</doc>
<status status="PASS" starttime="20230512 22:54:49.116" endtime="20230512 22:54:49.116"/>
</kw>
<status status="PASS" starttime="20230512 22:54:49.116" endtime="20230512 22:54:49.116"/>
</iter>
<iter>
<var name="${element}">&lt;selenium.webdriver.remote.webelement.WebElement (session="b0144474ec17a7287c9f3a5082bfe4f0", element="E2A9C042D8C6E83EB098C2AA7DDF7514_element_107")&gt;</var>
<kw name="Get Text" library="SeleniumLibrary">
<var>${elementName}</var>
<arg>${element}</arg>
<doc>Returns the text value of the element identified by ``locator``.</doc>
<msg timestamp="20230512 22:54:49.131" level="INFO">${elementName} = The Shawshank Redemption</msg>
<status status="PASS" starttime="20230512 22:54:49.116" endtime="20230512 22:54:49.131"/>
</kw>
<kw name="Convert To Lower Case" library="String">
<var>${elementName}</var>
<arg>${elementName}</arg>
<doc>Converts string to lower case.</doc>
<msg timestamp="20230512 22:54:49.131" level="INFO">${elementName} = the shawshank redemption</msg>
<status status="PASS" starttime="20230512 22:54:49.131" endtime="20230512 22:54:49.131"/>
</kw>
<kw name="Should Contain" library="BuiltIn">
<arg>${elementName}</arg>
<arg>${SelectedMovieNameLower}</arg>
<doc>Fails if ``container`` does not contain ``item`` one or more times.</doc>
<status status="PASS" starttime="20230512 22:54:49.131" endtime="20230512 22:54:49.131"/>
</kw>
<status status="PASS" starttime="20230512 22:54:49.116" endtime="20230512 22:54:49.131"/>
</iter>
<iter>
<var name="${element}">&lt;selenium.webdriver.remote.webelement.WebElement (session="b0144474ec17a7287c9f3a5082bfe4f0", element="E2A9C042D8C6E83EB098C2AA7DDF7514_element_108")&gt;</var>
<kw name="Get Text" library="SeleniumLibrary">
<var>${elementName}</var>
<arg>${element}</arg>
<doc>Returns the text value of the element identified by ``locator``.</doc>
<msg timestamp="20230512 22:54:49.131" level="INFO">${elementName} = 'The Shawshank Redemption'</msg>
<status status="PASS" starttime="20230512 22:54:49.131" endtime="20230512 22:54:49.131"/>
</kw>
<kw name="Convert To Lower Case" library="String">
<var>${elementName}</var>
<arg>${elementName}</arg>
<doc>Converts string to lower case.</doc>
<msg timestamp="20230512 22:54:49.131" level="INFO">${elementName} = 'the shawshank redemption'</msg>
<status status="PASS" starttime="20230512 22:54:49.131" endtime="20230512 22:54:49.131"/>
</kw>
<kw name="Should Contain" library="BuiltIn">
<arg>${elementName}</arg>
<arg>${SelectedMovieNameLower}</arg>
<doc>Fails if ``container`` does not contain ``item`` one or more times.</doc>
<status status="PASS" starttime="20230512 22:54:49.131" endtime="20230512 22:54:49.131"/>
</kw>
<status status="PASS" starttime="20230512 22:54:49.131" endtime="20230512 22:54:49.131"/>
</iter>
<iter>
<var name="${element}">&lt;selenium.webdriver.remote.webelement.WebElement (session="b0144474ec17a7287c9f3a5082bfe4f0", element="E2A9C042D8C6E83EB098C2AA7DDF7514_element_109")&gt;</var>
<kw name="Get Text" library="SeleniumLibrary">
<var>${elementName}</var>
<arg>${element}</arg>
<doc>Returns the text value of the element identified by ``locator``.</doc>
<msg timestamp="20230512 22:54:49.131" level="INFO">${elementName} = The Shawshank Redemption (1994)</msg>
<status status="PASS" starttime="20230512 22:54:49.131" endtime="20230512 22:54:49.131"/>
</kw>
<kw name="Convert To Lower Case" library="String">
<var>${elementName}</var>
<arg>${elementName}</arg>
<doc>Converts string to lower case.</doc>
<msg timestamp="20230512 22:54:49.147" level="INFO">${elementName} = the shawshank redemption (1994)</msg>
<status status="PASS" starttime="20230512 22:54:49.131" endtime="20230512 22:54:49.147"/>
</kw>
<kw name="Should Contain" library="BuiltIn">
<arg>${elementName}</arg>
<arg>${SelectedMovieNameLower}</arg>
<doc>Fails if ``container`` does not contain ``item`` one or more times.</doc>
<status status="PASS" starttime="20230512 22:54:49.147" endtime="20230512 22:54:49.147"/>
</kw>
<status status="PASS" starttime="20230512 22:54:49.131" endtime="20230512 22:54:49.147"/>
</iter>
<iter>
<var name="${element}">&lt;selenium.webdriver.remote.webelement.WebElement (session="b0144474ec17a7287c9f3a5082bfe4f0", element="E2A9C042D8C6E83EB098C2AA7DDF7514_element_110")&gt;</var>
<kw name="Get Text" library="SeleniumLibrary">
<var>${elementName}</var>
<arg>${element}</arg>
<doc>Returns the text value of the element identified by ``locator``.</doc>
<msg timestamp="20230512 22:54:49.147" level="INFO">${elementName} = The Shawshank Redemption Prison</msg>
<status status="PASS" starttime="20230512 22:54:49.147" endtime="20230512 22:54:49.147"/>
</kw>
<kw name="Convert To Lower Case" library="String">
<var>${elementName}</var>
<arg>${elementName}</arg>
<doc>Converts string to lower case.</doc>
<msg timestamp="20230512 22:54:49.147" level="INFO">${elementName} = the shawshank redemption prison</msg>
<status status="PASS" starttime="20230512 22:54:49.147" endtime="20230512 22:54:49.147"/>
</kw>
<kw name="Should Contain" library="BuiltIn">
<arg>${elementName}</arg>
<arg>${SelectedMovieNameLower}</arg>
<doc>Fails if ``container`` does not contain ``item`` one or more times.</doc>
<status status="PASS" starttime="20230512 22:54:49.147" endtime="20230512 22:54:49.147"/>
</kw>
<status status="PASS" starttime="20230512 22:54:49.147" endtime="20230512 22:54:49.147"/>
</iter>
<iter>
<var name="${element}">&lt;selenium.webdriver.remote.webelement.WebElement (session="b0144474ec17a7287c9f3a5082bfe4f0", element="E2A9C042D8C6E83EB098C2AA7DDF7514_element_111")&gt;</var>
<kw name="Get Text" library="SeleniumLibrary">
<var>${elementName}</var>
<arg>${element}</arg>
<doc>Returns the text value of the element identified by ``locator``.</doc>
<msg timestamp="20230512 22:54:49.159" level="INFO">${elementName} = The Shawshank Redemption 1994</msg>
<status status="PASS" starttime="20230512 22:54:49.147" endtime="20230512 22:54:49.159"/>
</kw>
<kw name="Convert To Lower Case" library="String">
<var>${elementName}</var>
<arg>${elementName}</arg>
<doc>Converts string to lower case.</doc>
<msg timestamp="20230512 22:54:49.159" level="INFO">${elementName} = the shawshank redemption 1994</msg>
<status status="PASS" starttime="20230512 22:54:49.159" endtime="20230512 22:54:49.159"/>
</kw>
<kw name="Should Contain" library="BuiltIn">
<arg>${elementName}</arg>
<arg>${SelectedMovieNameLower}</arg>
<doc>Fails if ``container`` does not contain ``item`` one or more times.</doc>
<status status="PASS" starttime="20230512 22:54:49.159" endtime="20230512 22:54:49.159"/>
</kw>
<status status="PASS" starttime="20230512 22:54:49.147" endtime="20230512 22:54:49.159"/>
</iter>
<iter>
<var name="${element}">&lt;selenium.webdriver.remote.webelement.WebElement (session="b0144474ec17a7287c9f3a5082bfe4f0", element="E2A9C042D8C6E83EB098C2AA7DDF7514_element_112")&gt;</var>
<kw name="Get Text" library="SeleniumLibrary">
<var>${elementName}</var>
<arg>${element}</arg>
<doc>Returns the text value of the element identified by ``locator``.</doc>
<msg timestamp="20230512 22:54:49.168" level="INFO">${elementName} = The Shawshank Redemption (1994)</msg>
<status status="PASS" starttime="20230512 22:54:49.160" endtime="20230512 22:54:49.168"/>
</kw>
<kw name="Convert To Lower Case" library="String">
<var>${elementName}</var>
<arg>${elementName}</arg>
<doc>Converts string to lower case.</doc>
<msg timestamp="20230512 22:54:49.169" level="INFO">${elementName} = the shawshank redemption (1994)</msg>
<status status="PASS" starttime="20230512 22:54:49.168" endtime="20230512 22:54:49.169"/>
</kw>
<kw name="Should Contain" library="BuiltIn">
<arg>${elementName}</arg>
<arg>${SelectedMovieNameLower}</arg>
<doc>Fails if ``container`` does not contain ``item`` one or more times.</doc>
<status status="PASS" starttime="20230512 22:54:49.169" endtime="20230512 22:54:49.169"/>
</kw>
<status status="PASS" starttime="20230512 22:54:49.160" endtime="20230512 22:54:49.169"/>
</iter>
<iter>
<var name="${element}">&lt;selenium.webdriver.remote.webelement.WebElement (session="b0144474ec17a7287c9f3a5082bfe4f0", element="E2A9C042D8C6E83EB098C2AA7DDF7514_element_113")&gt;</var>
<kw name="Get Text" library="SeleniumLibrary">
<var>${elementName}</var>
<arg>${element}</arg>
<doc>Returns the text value of the element identified by ``locator``.</doc>
<msg timestamp="20230512 22:54:49.174" level="INFO">${elementName} = The Shawshank Redemption Review</msg>
<status status="PASS" starttime="20230512 22:54:49.169" endtime="20230512 22:54:49.174"/>
</kw>
<kw name="Convert To Lower Case" library="String">
<var>${elementName}</var>
<arg>${elementName}</arg>
<doc>Converts string to lower case.</doc>
<msg timestamp="20230512 22:54:49.174" level="INFO">${elementName} = the shawshank redemption review</msg>
<status status="PASS" starttime="20230512 22:54:49.174" endtime="20230512 22:54:49.174"/>
</kw>
<kw name="Should Contain" library="BuiltIn">
<arg>${elementName}</arg>
<arg>${SelectedMovieNameLower}</arg>
<doc>Fails if ``container`` does not contain ``item`` one or more times.</doc>
<status status="PASS" starttime="20230512 22:54:49.174" endtime="20230512 22:54:49.174"/>
</kw>
<status status="PASS" starttime="20230512 22:54:49.169" endtime="20230512 22:54:49.174"/>
</iter>
<iter>
<var name="${element}">&lt;selenium.webdriver.remote.webelement.WebElement (session="b0144474ec17a7287c9f3a5082bfe4f0", element="E2A9C042D8C6E83EB098C2AA7DDF7514_element_114")&gt;</var>
<kw name="Get Text" library="SeleniumLibrary">
<var>${elementName}</var>
<arg>${element}</arg>
<doc>Returns the text value of the element identified by ``locator``.</doc>
<msg timestamp="20230512 22:54:49.174" level="INFO">${elementName} = Ep.128 - The Shawshank Redemption</msg>
<status status="PASS" starttime="20230512 22:54:49.174" endtime="20230512 22:54:49.174"/>
</kw>
<kw name="Convert To Lower Case" library="String">
<var>${elementName}</var>
<arg>${elementName}</arg>
<doc>Converts string to lower case.</doc>
<msg timestamp="20230512 22:54:49.174" level="INFO">${elementName} = ep.128 - the shawshank redemption</msg>
<status status="PASS" starttime="20230512 22:54:49.174" endtime="20230512 22:54:49.174"/>
</kw>
<kw name="Should Contain" library="BuiltIn">
<arg>${elementName}</arg>
<arg>${SelectedMovieNameLower}</arg>
<doc>Fails if ``container`` does not contain ``item`` one or more times.</doc>
<status status="PASS" starttime="20230512 22:54:49.174" endtime="20230512 22:54:49.174"/>
</kw>
<status status="PASS" starttime="20230512 22:54:49.174" endtime="20230512 22:54:49.174"/>
</iter>
<iter>
<var name="${element}">&lt;selenium.webdriver.remote.webelement.WebElement (session="b0144474ec17a7287c9f3a5082bfe4f0", element="E2A9C042D8C6E83EB098C2AA7DDF7514_element_115")&gt;</var>
<kw name="Get Text" library="SeleniumLibrary">
<var>${elementName}</var>
<arg>${element}</arg>
<doc>Returns the text value of the element identified by ``locator``.</doc>
<msg timestamp="20230512 22:54:49.174" level="INFO">${elementName} = Ep100. The Shawshank Redemption</msg>
<status status="PASS" starttime="20230512 22:54:49.174" endtime="20230512 22:54:49.174"/>
</kw>
<kw name="Convert To Lower Case" library="String">
<var>${elementName}</var>
<arg>${elementName}</arg>
<doc>Converts string to lower case.</doc>
<msg timestamp="20230512 22:54:49.174" level="INFO">${elementName} = ep100. the shawshank redemption</msg>
<status status="PASS" starttime="20230512 22:54:49.174" endtime="20230512 22:54:49.174"/>
</kw>
<kw name="Should Contain" library="BuiltIn">
<arg>${elementName}</arg>
<arg>${SelectedMovieNameLower}</arg>
<doc>Fails if ``container`` does not contain ``item`` one or more times.</doc>
<status status="PASS" starttime="20230512 22:54:49.174" endtime="20230512 22:54:49.174"/>
</kw>
<status status="PASS" starttime="20230512 22:54:49.174" endtime="20230512 22:54:49.174"/>
</iter>
<iter>
<var name="${element}">&lt;selenium.webdriver.remote.webelement.WebElement (session="b0144474ec17a7287c9f3a5082bfe4f0", element="E2A9C042D8C6E83EB098C2AA7DDF7514_element_116")&gt;</var>
<kw name="Get Text" library="SeleniumLibrary">
<var>${elementName}</var>
<arg>${element}</arg>
<doc>Returns the text value of the element identified by ``locator``.</doc>
<msg timestamp="20230512 22:54:49.190" level="INFO">${elementName} = 236 - The Shawshank Redemption</msg>
<status status="PASS" starttime="20230512 22:54:49.190" endtime="20230512 22:54:49.190"/>
</kw>
<kw name="Convert To Lower Case" library="String">
<var>${elementName}</var>
<arg>${elementName}</arg>
<doc>Converts string to lower case.</doc>
<msg timestamp="20230512 22:54:49.190" level="INFO">${elementName} = 236 - the shawshank redemption</msg>
<status status="PASS" starttime="20230512 22:54:49.190" endtime="20230512 22:54:49.190"/>
</kw>
<kw name="Should Contain" library="BuiltIn">
<arg>${elementName}</arg>
<arg>${SelectedMovieNameLower}</arg>
<doc>Fails if ``container`` does not contain ``item`` one or more times.</doc>
<status status="PASS" starttime="20230512 22:54:49.190" endtime="20230512 22:54:49.190"/>
</kw>
<status status="PASS" starttime="20230512 22:54:49.174" endtime="20230512 22:54:49.190"/>
</iter>
<iter>
<var name="${element}">&lt;selenium.webdriver.remote.webelement.WebElement (session="b0144474ec17a7287c9f3a5082bfe4f0", element="E2A9C042D8C6E83EB098C2AA7DDF7514_element_117")&gt;</var>
<kw name="Get Text" library="SeleniumLibrary">
<var>${elementName}</var>
<arg>${element}</arg>
<doc>Returns the text value of the element identified by ``locator``.</doc>
<msg timestamp="20230512 22:54:49.200" level="INFO">${elementName} = The Shawshank Redemption Part 2</msg>
<status status="PASS" starttime="20230512 22:54:49.190" endtime="20230512 22:54:49.200"/>
</kw>
<kw name="Convert To Lower Case" library="String">
<var>${elementName}</var>
<arg>${elementName}</arg>
<doc>Converts string to lower case.</doc>
<msg timestamp="20230512 22:54:49.200" level="INFO">${elementName} = the shawshank redemption part 2</msg>
<status status="PASS" starttime="20230512 22:54:49.200" endtime="20230512 22:54:49.200"/>
</kw>
<kw name="Should Contain" library="BuiltIn">
<arg>${elementName}</arg>
<arg>${SelectedMovieNameLower}</arg>
<doc>Fails if ``container`` does not contain ``item`` one or more times.</doc>
<status status="PASS" starttime="20230512 22:54:49.200" endtime="20230512 22:54:49.200"/>
</kw>
<status status="PASS" starttime="20230512 22:54:49.190" endtime="20230512 22:54:49.200"/>
</iter>
<status status="PASS" starttime="20230512 22:54:48.963" endtime="20230512 22:54:49.200"/>
</for>
<kw name="Close Browser" library="SeleniumLibrary" type="TEARDOWN">
<doc>Closes the current browser.</doc>
<status status="PASS" starttime="20230512 22:54:49.200" endtime="20230512 22:54:51.313"/>
</kw>
<status status="PASS" starttime="20230512 22:54:24.068" endtime="20230512 22:54:51.313"/>
</test>
<test id="s1-t2" name="Scenario 2" line="61">
<kw name="Open Browser" library="SeleniumLibrary" type="SETUP">
<arg>${imdbUrl}</arg>
<arg>Chrome</arg>
<doc>Opens a new browser instance to the optional ``url``.</doc>
<msg timestamp="20230512 22:54:51.313" level="INFO">Opening browser 'Chrome' to base url 'https://www.imdb.com/'.</msg>
<msg timestamp="20230512 22:54:51.329" level="INFO">Executing: C:\Users\5aleda4rf\AppData\Local\Programs\Python\Python310\lib\site-packages\selenium\webdriver\common\windows\selenium-manager.exe --browser chrome --output json</msg>
<status status="PASS" starttime="20230512 22:54:51.313" endtime="20230512 22:55:01.413"/>
</kw>
<kw name="Maximize Browser Window" library="SeleniumLibrary">
<doc>Maximizes current browser window.</doc>
<status status="PASS" starttime="20230512 22:55:01.413" endtime="20230512 22:55:01.522"/>
</kw>
<kw name="Click Element" library="SeleniumLibrary">
<arg>xPath=//*[@id="imdbHeader-navDrawerOpen"]</arg>
<doc>Click the element identified by ``locator``.</doc>
<msg timestamp="20230512 22:55:01.522" level="INFO">Clicking element 'xPath=//*[@id="imdbHeader-navDrawerOpen"]'.</msg>
<status status="PASS" starttime="20230512 22:55:01.522" endtime="20230512 22:55:01.594"/>
</kw>
<kw name="Sleep3">
<kw name="Sleep" library="BuiltIn">
<arg>3</arg>
<doc>Pauses the test executed for the given time.</doc>
<msg timestamp="20230512 22:55:04.599" level="INFO">Slept 3 seconds</msg>
<status status="PASS" starttime="20230512 22:55:01.594" endtime="20230512 22:55:04.599"/>
</kw>
<status status="PASS" starttime="20230512 22:55:01.594" endtime="20230512 22:55:04.599"/>
</kw>
<kw name="Take Screenshot" library="Screenshot">
<arg>21-The List When Click On Menu</arg>
<doc>Takes a screenshot in JPEG format and embeds it into the log file.</doc>
<msg timestamp="20230512 22:55:04.634" level="INFO" html="true">&lt;a href="21-The%20List%20When%20Click%20On%20Menu_1.jpg"&gt;&lt;img src="21-The%20List%20When%20Click%20On%20Menu_1.jpg" width="800px"&gt;&lt;/a&gt;</msg>
<status status="PASS" starttime="20230512 22:55:04.600" endtime="20230512 22:55:04.634"/>
</kw>
<kw name="Click Link" library="SeleniumLibrary">
<arg>xPath=//*[@id="imdbHeader"]/div[2]/aside/div/div[2]/div/div[1]/span/div/div/ul/a[2]</arg>
<doc>Clicks a link identified by ``locator``.</doc>
<msg timestamp="20230512 22:55:04.634" level="INFO">Clicking link 'xPath=//*[@id="imdbHeader"]/div[2]/aside/div/div[2]/div/div[1]/span/div/div/ul/a[2]'.</msg>
<status status="PASS" starttime="20230512 22:55:04.634" endtime="20230512 22:55:10.935"/>
</kw>
<kw name="Wait Until Page Contains Element" library="SeleniumLibrary">
<arg>xPath=//*[@id="main"]/div/span/div/div/div[3]/div/div/div[1]</arg>
<doc>Waits until the element ``locator`` appears on the current page.</doc>
<status status="PASS" starttime="20230512 22:55:10.935" endtime="20230512 22:55:10.948"/>
</kw>
<kw name="Take Screenshot" library="Screenshot">
<arg>22-The Page After Click TOP ${expectedNumOfMovies} Movies</arg>
<doc>Takes a screenshot in JPEG format and embeds it into the log file.</doc>
<msg timestamp="20230512 22:55:11.013" level="INFO" html="true">&lt;a href="22-The%20Page%20After%20Click%20TOP%20250%20Movies_1.jpg"&gt;&lt;img src="22-The%20Page%20After%20Click%20TOP%20250%20Movies_1.jpg" width="800px"&gt;&lt;/a&gt;</msg>
<status status="PASS" starttime="20230512 22:55:10.948" endtime="20230512 22:55:11.013"/>
</kw>
<kw name="Location Should Be" library="SeleniumLibrary">
<arg>${imdbUrl}chart/top/?ref_=nv_mv_${expectedNumOfMovies}</arg>
<doc>Verifies that the current URL is exactly ``url``.</doc>
<msg timestamp="20230512 22:55:11.020" level="INFO">Current location is 'https://www.imdb.com/chart/top/?ref_=nv_mv_250'.</msg>
<status status="PASS" starttime="20230512 22:55:11.013" endtime="20230512 22:55:11.020"/>
</kw>
<kw name="Wait Until Page Contains Element" library="SeleniumLibrary">
<arg>xPath=//*[@id="main"]/div/span/div/div/div[3]/table/tbody/tr[1]/td[5]/div/div</arg>
<doc>Waits until the element ``locator`` appears on the current page.</doc>
<status status="PASS" starttime="20230512 22:55:11.020" endtime="20230512 22:55:11.029"/>
</kw>
<kw name="Get WebElements" library="SeleniumLibrary">
<var>${allMovies}</var>
<arg>class=titleColumn</arg>
<doc>Returns a list of WebElement objects matching the ``locator``.</doc>
<msg timestamp="20230512 22:55:11.053" level="INFO">${allMovies} = [&lt;selenium.webdriver.remote.webelement.WebElement (session="73fa25bc2b75cfcac187f32862330fa6", element="AE323CA87B82D78BEE30302CCD9C1652_element_127")&gt;, &lt;selenium.webdriver.remote.webelement.WebElemen...</msg>
<status status="PASS" starttime="20230512 22:55:11.029" endtime="20230512 22:55:11.053"/>
</kw>
<kw name="Get Length" library="BuiltIn">
<var>${numOfMovies}</var>
<arg>${allMovies}</arg>
<doc>Returns and logs the length of the given item as an integer.</doc>
<msg timestamp="20230512 22:55:11.054" level="INFO">Length is 250</msg>
<msg timestamp="20230512 22:55:11.055" level="INFO">${numOfMovies} = 250</msg>
<status status="PASS" starttime="20230512 22:55:11.054" endtime="20230512 22:55:11.055"/>
</kw>
<kw name="Convert To Integer" library="BuiltIn">
<var>${numOfMovies}</var>
<arg>${numOfMovies}</arg>
<doc>Converts the given item to an integer number.</doc>
<msg timestamp="20230512 22:55:11.056" level="INFO">${numOfMovies} = 250</msg>
<status status="PASS" starttime="20230512 22:55:11.055" endtime="20230512 22:55:11.056"/>
</kw>
<kw name="Should Be Equal" library="BuiltIn">
<arg>${numOfMovies}</arg>
<arg>${expectedNumOfMovies}</arg>
<doc>Fails if the given objects are unequal.</doc>
<status status="PASS" starttime="20230512 22:55:11.056" endtime="20230512 22:55:11.056"/>
</kw>
<kw name="Sleep3">
<kw name="Sleep" library="BuiltIn">
<arg>3</arg>
<doc>Pauses the test executed for the given time.</doc>
<msg timestamp="20230512 22:55:14.065" level="INFO">Slept 3 seconds</msg>
<status status="PASS" starttime="20230512 22:55:11.057" endtime="20230512 22:55:14.065"/>
</kw>
<status status="PASS" starttime="20230512 22:55:11.056" endtime="20230512 22:55:14.066"/>
</kw>
<kw name="Get WebElement" library="SeleniumLibrary">
<var>${firstMovie}</var>
<arg>xPath=//*[@id="main"]/div/span/div/div/div[3]/table/tbody/tr[1]/td[2]/a</arg>
<doc>Returns the first WebElement matching the given ``locator``.</doc>
<msg timestamp="20230512 22:55:14.081" level="INFO">${firstMovie} = &lt;selenium.webdriver.remote.webelement.WebElement (session="73fa25bc2b75cfcac187f32862330fa6", element="AE323CA87B82D78BEE30302CCD9C1652_element_377")&gt;</msg>
<status status="PASS" starttime="20230512 22:55:14.066" endtime="20230512 22:55:14.081"/>
</kw>
<kw name="Get Text" library="SeleniumLibrary">
<var>${firstMovieName}</var>
<arg>${firstMovie}</arg>
<doc>Returns the text value of the element identified by ``locator``.</doc>
<msg timestamp="20230512 22:55:14.093" level="INFO">${firstMovieName} = The Shawshank Redemption</msg>
<status status="PASS" starttime="20230512 22:55:14.082" endtime="20230512 22:55:14.093"/>
</kw>
<kw name="Should Be Equal" library="BuiltIn">
<arg>${firstMovieName}</arg>
<arg>The Shawshank Redemption</arg>
<doc>Fails if the given objects are unequal.</doc>
<status status="PASS" starttime="20230512 22:55:14.094" endtime="20230512 22:55:14.095"/>
</kw>
<kw name="Sleep3">
<kw name="Sleep" library="BuiltIn">
<arg>3</arg>
<doc>Pauses the test executed for the given time.</doc>
<msg timestamp="20230512 22:55:17.109" level="INFO">Slept 3 seconds</msg>
<status status="PASS" starttime="20230512 22:55:14.095" endtime="20230512 22:55:17.109"/>
</kw>
<status status="PASS" starttime="20230512 22:55:14.095" endtime="20230512 22:55:17.109"/>
</kw>
<kw name="Close Browser" library="SeleniumLibrary" type="TEARDOWN">
<doc>Closes the current browser.</doc>
<status status="PASS" starttime="20230512 22:55:17.109" endtime="20230512 22:55:19.218"/>
</kw>
<status status="PASS" starttime="20230512 22:54:51.313" endtime="20230512 22:55:19.218"/>
</test>
<test id="s1-t3" name="Scenario 3" line="89">
<kw name="Open Browser" library="SeleniumLibrary" type="SETUP">
<arg>${imdbUrl}</arg>
<arg>Chrome</arg>
<doc>Opens a new browser instance to the optional ``url``.</doc>
<msg timestamp="20230512 22:55:19.218" level="INFO">Opening browser 'Chrome' to base url 'https://www.imdb.com/'.</msg>
<msg timestamp="20230512 22:55:19.218" level="INFO">Executing: C:\Users\5aleda4rf\AppData\Local\Programs\Python\Python310\lib\site-packages\selenium\webdriver\common\windows\selenium-manager.exe --browser chrome --output json</msg>
<status status="PASS" starttime="20230512 22:55:19.218" endtime="20230512 22:55:25.541"/>
</kw>
<kw name="Maximize Browser Window" library="SeleniumLibrary">
<doc>Maximizes current browser window.</doc>
<status status="PASS" starttime="20230512 22:55:25.541" endtime="20230512 22:55:25.652"/>
</kw>
<kw name="Click Element" library="SeleniumLibrary">
<arg>xPath=//*[@id="nav-search-form"]/div[1]</arg>
<doc>Click the element identified by ``locator``.</doc>
<msg timestamp="20230512 22:55:25.653" level="INFO">Clicking element 'xPath=//*[@id="nav-search-form"]/div[1]'.</msg>
<status status="PASS" starttime="20230512 22:55:25.652" endtime="20230512 22:55:25.723"/>
</kw>
<kw name="Sleep3">
<kw name="Sleep" library="BuiltIn">
<arg>3</arg>
<doc>Pauses the test executed for the given time.</doc>
<msg timestamp="20230512 22:55:28.735" level="INFO">Slept 3 seconds</msg>
<status status="PASS" starttime="20230512 22:55:25.724" endtime="20230512 22:55:28.735"/>
</kw>
<status status="PASS" starttime="20230512 22:55:25.724" endtime="20230512 22:55:28.735"/>
</kw>
<kw name="Take Screenshot" library="Screenshot">
<arg>31-The List When Click On All</arg>
<doc>Takes a screenshot in JPEG format and embeds it into the log file.</doc>
<msg timestamp="20230512 22:55:28.773" level="INFO" html="true">&lt;a href="31-The%20List%20When%20Click%20On%20All_1.jpg"&gt;&lt;img src="31-The%20List%20When%20Click%20On%20All_1.jpg" width="800px"&gt;&lt;/a&gt;</msg>
<status status="PASS" starttime="20230512 22:55:28.735" endtime="20230512 22:55:28.773"/>
</kw>
<kw name="Click Element" library="SeleniumLibrary">
<arg>xPath=//span[.='Advanced Search']</arg>
<doc>Click the element identified by ``locator``.</doc>
<msg timestamp="20230512 22:55:28.773" level="INFO">Clicking element 'xPath=//span[.='Advanced Search']'.</msg>
<status status="PASS" starttime="20230512 22:55:28.773" endtime="20230512 22:55:30.491"/>
</kw>
<kw name="Wait Until Page Contains Element" library="SeleniumLibrary">
<arg>//*[@id="main"]/div[2]/div[1]</arg>
<doc>Waits until the element ``locator`` appears on the current page.</doc>
<status status="PASS" starttime="20230512 22:55:30.491" endtime="20230512 22:55:30.499"/>
</kw>
<kw name="Sleep3">
<kw name="Sleep" library="BuiltIn">
<arg>3</arg>
<doc>Pauses the test executed for the given time.</doc>
<msg timestamp="20230512 22:55:33.509" level="INFO">Slept 3 seconds</msg>
<status status="PASS" starttime="20230512 22:55:30.500" endtime="20230512 22:55:33.509"/>
</kw>
<status status="PASS" starttime="20230512 22:55:30.500" endtime="20230512 22:55:33.509"/>
</kw>
<kw name="Take Screenshot" library="Screenshot">
<arg>32-The Page After Click Advanced Search</arg>
<doc>Takes a screenshot in JPEG format and embeds it into the log file.</doc>
<msg timestamp="20230512 22:55:33.555" level="INFO" html="true">&lt;a href="32-The%20Page%20After%20Click%20Advanced%20Search_1.jpg"&gt;&lt;img src="32-The%20Page%20After%20Click%20Advanced%20Search_1.jpg" width="800px"&gt;&lt;/a&gt;</msg>
<status status="PASS" starttime="20230512 22:55:33.509" endtime="20230512 22:55:33.555"/>
</kw>
<kw name="Click Link" library="SeleniumLibrary">
<arg>xPath=//*[@id="main"]/div[2]/div[1]/a</arg>
<doc>Clicks a link identified by ``locator``.</doc>
<msg timestamp="20230512 22:55:33.555" level="INFO">Clicking link 'xPath=//*[@id="main"]/div[2]/div[1]/a'.</msg>
<status status="PASS" starttime="20230512 22:55:33.555" endtime="20230512 22:55:35.347"/>
</kw>
<kw name="Wait Until Page Contains Element" library="SeleniumLibrary">
<arg>xPath=//*[@id="main"]</arg>
<doc>Waits until the element ``locator`` appears on the current page.</doc>
<status status="PASS" starttime="20230512 22:55:35.347" endtime="20230512 22:55:35.357"/>
</kw>
<kw name="Sleep3">
<kw name="Sleep" library="BuiltIn">
<arg>3</arg>
<doc>Pauses the test executed for the given time.</doc>
<msg timestamp="20230512 22:55:38.363" level="INFO">Slept 3 seconds</msg>
<status status="PASS" starttime="20230512 22:55:35.357" endtime="20230512 22:55:38.363"/>
</kw>
<status status="PASS" starttime="20230512 22:55:35.357" endtime="20230512 22:55:38.363"/>
</kw>
<kw name="Take Screenshot" library="Screenshot">
<arg>33-The Page After Click Advanced Title Search</arg>
<doc>Takes a screenshot in JPEG format and embeds it into the log file.</doc>
<msg timestamp="20230512 22:55:38.426" level="INFO" html="true">&lt;a href="33-The%20Page%20After%20Click%20Advanced%20Title%20Search_1.jpg"&gt;&lt;img src="33-The%20Page%20After%20Click%20Advanced%20Title%20Search_1.jpg" width="800px"&gt;&lt;/a&gt;</msg>
<status status="PASS" starttime="20230512 22:55:38.363" endtime="20230512 22:55:38.426"/>
</kw>
<kw name="Click Element" library="SeleniumLibrary">
<arg>xPath=//*[@id="title_type-1"]</arg>
<doc>Click the element identified by ``locator``.</doc>
<msg timestamp="20230512 22:55:38.426" level="INFO">Clicking element 'xPath=//*[@id="title_type-1"]'.</msg>
<status status="PASS" starttime="20230512 22:55:38.426" endtime="20230512 22:55:38.486"/>
</kw>
<kw name="Click Element" library="SeleniumLibrary">
<arg>xPath=//*[@id="genres-1"]</arg>
<doc>Click the element identified by ``locator``.</doc>
<msg timestamp="20230512 22:55:38.486" level="INFO">Clicking element 'xPath=//*[@id="genres-1"]'.</msg>
<status status="PASS" starttime="20230512 22:55:38.486" endtime="20230512 22:55:38.528"/>
</kw>
<kw name="Sleep3">
<kw name="Sleep" library="BuiltIn">
<arg>3</arg>
<doc>Pauses the test executed for the given time.</doc>
<msg timestamp="20230512 22:55:41.541" level="INFO">Slept 3 seconds</msg>
<status status="PASS" starttime="20230512 22:55:38.529" endtime="20230512 22:55:41.541"/>
</kw>
<status status="PASS" starttime="20230512 22:55:38.528" endtime="20230512 22:55:41.541"/>
</kw>
<kw name="Input Text" library="SeleniumLibrary">
<arg>name=release_date-min</arg>
<arg>${minDate}</arg>
<doc>Types the given ``text`` into the text field identified by ``locator``.</doc>
<msg timestamp="20230512 22:55:41.541" level="INFO">Typing text '2010' into text field 'name=release_date-min'.</msg>
<status status="PASS" starttime="20230512 22:55:41.541" endtime="20230512 22:55:41.617"/>
</kw>
<kw name="Input Text" library="SeleniumLibrary">
<arg>name=release_date-max</arg>
<arg>${maxDate}</arg>
<doc>Types the given ``text`` into the text field identified by ``locator``.</doc>
<msg timestamp="20230512 22:55:41.618" level="INFO">Typing text '2020' into text field 'name=release_date-max'.</msg>
<status status="PASS" starttime="20230512 22:55:41.617" endtime="20230512 22:55:41.680"/>
</kw>
<kw name="Take Screenshot" library="Screenshot">
<arg>34-The Data that entered</arg>
<doc>Takes a screenshot in JPEG format and embeds it into the log file.</doc>
<msg timestamp="20230512 22:55:41.719" level="INFO" html="true">&lt;a href="34-The%20Data%20that%20entered_1.jpg"&gt;&lt;img src="34-The%20Data%20that%20entered_1.jpg" width="800px"&gt;&lt;/a&gt;</msg>
<status status="PASS" starttime="20230512 22:55:41.680" endtime="20230512 22:55:41.720"/>
</kw>
<kw name="Sleep3">
<kw name="Sleep" library="BuiltIn">
<arg>3</arg>
<doc>Pauses the test executed for the given time.</doc>
<msg timestamp="20230512 22:55:44.731" level="INFO">Slept 3 seconds</msg>
<status status="PASS" starttime="20230512 22:55:41.720" endtime="20230512 22:55:44.731"/>
</kw>
<status status="PASS" starttime="20230512 22:55:41.720" endtime="20230512 22:55:44.731"/>
</kw>
<kw name="Scroll Element Into View" library="SeleniumLibrary">
<arg>xPath=//*[@id="rvi-div"]/div</arg>
<doc>Scrolls the element identified by ``locator`` into view.</doc>
<status status="PASS" starttime="20230512 22:55:44.731" endtime="20230512 22:55:45.025"/>
</kw>
<kw name="Sleep3">
<kw name="Sleep" library="BuiltIn">
<arg>3</arg>
<doc>Pauses the test executed for the given time.</doc>
<msg timestamp="20230512 22:55:48.033" level="INFO">Slept 3 seconds</msg>
<status status="PASS" starttime="20230512 22:55:45.026" endtime="20230512 22:55:48.033"/>
</kw>
<status status="PASS" starttime="20230512 22:55:45.025" endtime="20230512 22:55:48.033"/>
</kw>
<kw name="Take Screenshot" library="Screenshot">
<arg>35-Scroll To Click on the Button</arg>
<doc>Takes a screenshot in JPEG format and embeds it into the log file.</doc>
<msg timestamp="20230512 22:55:48.082" level="INFO" html="true">&lt;a href="35-Scroll%20To%20Click%20on%20the%20Button_1.jpg"&gt;&lt;img src="35-Scroll%20To%20Click%20on%20the%20Button_1.jpg" width="800px"&gt;&lt;/a&gt;</msg>
<status status="PASS" starttime="20230512 22:55:48.033" endtime="20230512 22:55:48.083"/>
</kw>
<kw name="Click Button" library="SeleniumLibrary">
<arg>xPath=//*[@id="main"]/p[3]/button</arg>
<doc>Clicks the button identified by ``locator``.</doc>
<msg timestamp="20230512 22:55:48.083" level="INFO">Clicking button 'xPath=//*[@id="main"]/p[3]/button'.</msg>
<status status="PASS" starttime="20230512 22:55:48.083" endtime="20230512 22:55:52.789"/>
</kw>
<kw name="Sleep5">
<kw name="Sleep" library="BuiltIn">
<arg>5</arg>
<doc>Pauses the test executed for the given time.</doc>
<msg timestamp="20230512 22:55:57.805" level="INFO">Slept 5 seconds</msg>
<status status="PASS" starttime="20230512 22:55:52.790" endtime="20230512 22:55:57.805"/>
</kw>
<status status="PASS" starttime="20230512 22:55:52.790" endtime="20230512 22:55:57.805"/>
</kw>
<kw name="Take Screenshot" library="Screenshot">
<arg>36-The Page After Click on the Button</arg>
<doc>Takes a screenshot in JPEG format and embeds it into the log file.</doc>
<msg timestamp="20230512 22:55:57.883" level="INFO" html="true">&lt;a href="36-The%20Page%20After%20Click%20on%20the%20Button_1.jpg"&gt;&lt;img src="36-The%20Page%20After%20Click%20on%20the%20Button_1.jpg" width="800px"&gt;&lt;/a&gt;</msg>
<status status="PASS" starttime="20230512 22:55:57.805" endtime="20230512 22:55:57.883"/>
</kw>
<kw name="Click Link" library="SeleniumLibrary">
<arg>xPath=//*[@id="main"]/div/div[2]/a[3]</arg>
<doc>Clicks a link identified by ``locator``.</doc>
<msg timestamp="20230512 22:55:57.883" level="INFO">Clicking link 'xPath=//*[@id="main"]/div/div[2]/a[3]'.</msg>
<status status="PASS" starttime="20230512 22:55:57.883" endtime="20230512 22:55:59.734"/>
</kw>
<kw name="Wait Until Page Contains Element" library="SeleniumLibrary">
<arg>xPath=//*[@id="main"]/div/div[3]/div/div[1]</arg>
<doc>Waits until the element ``locator`` appears on the current page.</doc>
<status status="PASS" starttime="20230512 22:55:59.735" endtime="20230512 22:55:59.746"/>
</kw>
<kw name="Take Screenshot" library="Screenshot">
<arg>37-The Page After Click on the sorted by user ratings</arg>
<doc>Takes a screenshot in JPEG format and embeds it into the log file.</doc>
<msg timestamp="20230512 22:55:59.792" level="INFO" html="true">&lt;a href="37-The%20Page%20After%20Click%20on%20the%20sorted%20by%20user%20ratings_1.jpg"&gt;&lt;img src="37-The%20Page%20After%20Click%20on%20the%20sorted%20by%20user%20ratings_1.jpg" width="800px"&gt;&lt;/a&gt;</msg>
<status status="PASS" starttime="20230512 22:55:59.746" endtime="20230512 22:55:59.793"/>
</kw>
<kw name="Get WebElements" library="SeleniumLibrary">
<var>${allYearsOfItems}</var>
<arg>class=lister-item-year</arg>
<doc>Returns a list of WebElement objects matching the ``locator``.</doc>
<msg timestamp="20230512 22:55:59.809" level="INFO">${allYearsOfItems} = [&lt;selenium.webdriver.remote.webelement.WebElement (session="145d64d766722aaf91fd29896ba0529f", element="0475F24B026B11D7729668DBA6FB7222_element_225")&gt;, &lt;selenium.webdriver.remote.webelement.WebElemen...</msg>
<status status="PASS" starttime="20230512 22:55:59.793" endtime="20230512 22:55:59.810"/>
</kw>
<kw name="Get WebElements" library="SeleniumLibrary">
<var>${allRatesOfItems}</var>
<arg>class=ratings-imdb-rating</arg>
<doc>Returns a list of WebElement objects matching the ``locator``.</doc>
<msg timestamp="20230512 22:55:59.823" level="INFO">${allRatesOfItems} = [&lt;selenium.webdriver.remote.webelement.WebElement (session="145d64d766722aaf91fd29896ba0529f", element="0475F24B026B11D7729668DBA6FB7222_element_276")&gt;, &lt;selenium.webdriver.remote.webelement.WebElemen...</msg>
<status status="PASS" starttime="20230512 22:55:59.810" endtime="20230512 22:55:59.823"/>
</kw>
<kw name="Get WebElements" library="SeleniumLibrary">
<var>${allgenresOfItems}</var>
<arg>class=genre</arg>
<doc>Returns a list of WebElement objects matching the ``locator``.</doc>
<msg timestamp="20230512 22:55:59.834" level="INFO">${allgenresOfItems} = [&lt;selenium.webdriver.remote.webelement.WebElement (session="145d64d766722aaf91fd29896ba0529f", element="0475F24B026B11D7729668DBA6FB7222_element_326")&gt;, &lt;selenium.webdriver.remote.webelement.WebElemen...</msg>
<status status="PASS" starttime="20230512 22:55:59.824" endtime="20230512 22:55:59.834"/>
</kw>
<kw name="Sleep" library="BuiltIn">
<arg>3</arg>
<doc>Pauses the test executed for the given time.</doc>
<msg timestamp="20230512 22:56:02.837" level="INFO">Slept 3 seconds</msg>
<status status="PASS" starttime="20230512 22:55:59.835" endtime="20230512 22:56:02.837"/>
</kw>
<for flavor="IN">
<var>${element}</var>
<value>@{allYearsOfItems}</value>
<iter>
<var name="${element}">&lt;selenium.webdriver.remote.webelement.WebElement (session="145d64d766722aaf91fd29896ba0529f", element="0475F24B026B11D7729668DBA6FB7222_element_225")&gt;</var>
<kw name="Get Text" library="SeleniumLibrary">
<var>${element}</var>
<arg>${element}</arg>
<doc>Returns the text value of the element identified by ``locator``.</doc>
<msg timestamp="20230512 22:56:02.852" level="INFO">${element} = (2018)</msg>
<status status="PASS" starttime="20230512 22:56:02.837" endtime="20230512 22:56:02.852"/>
</kw>
<kw name="Fetch From Right" library="String">
<var>${element}</var>
<arg>${element}</arg>
<arg>(</arg>
<doc>Returns contents of the ``string`` after the last occurrence of ``marker``.</doc>
<msg timestamp="20230512 22:56:02.852" level="INFO">${element} = 2018)</msg>
<status status="PASS" starttime="20230512 22:56:02.852" endtime="20230512 22:56:02.852"/>
</kw>
<kw name="Remove String" library="String">
<var>${element}</var>
<arg>${element}</arg>
<arg>)</arg>
<doc>Removes all ``removables`` from the given ``string``.</doc>
<msg timestamp="20230512 22:56:02.852" level="INFO">${element} = 2018</msg>
<status status="PASS" starttime="20230512 22:56:02.852" endtime="20230512 22:56:02.852"/>
</kw>
<kw name="Convert To Integer" library="BuiltIn">
<var>${element}</var>
<arg>${element}</arg>
<doc>Converts the given item to an integer number.</doc>
<msg timestamp="20230512 22:56:02.852" level="INFO">${element} = 2018</msg>
<status status="PASS" starttime="20230512 22:56:02.852" endtime="20230512 22:56:02.852"/>
</kw>
<kw name="Should Be True" library="BuiltIn">
<arg>${element}&gt;=${minDate} and ${element}&lt;=${maxDate}</arg>
<doc>Fails if the given condition is not true.</doc>
<status status="PASS" starttime="20230512 22:56:02.852" endtime="20230512 22:56:02.852"/>
</kw>
<status status="PASS" starttime="20230512 22:56:02.837" endtime="20230512 22:56:02.852"/>
</iter>
<iter>
<var name="${element}">&lt;selenium.webdriver.remote.webelement.WebElement (session="145d64d766722aaf91fd29896ba0529f", element="0475F24B026B11D7729668DBA6FB7222_element_226")&gt;</var>
<kw name="Get Text" library="SeleniumLibrary">
<var>${element}</var>
<arg>${element}</arg>
<doc>Returns the text value of the element identified by ``locator``.</doc>
<msg timestamp="20230512 22:56:02.868" level="INFO">${element} = (2019)</msg>
<status status="PASS" starttime="20230512 22:56:02.852" endtime="20230512 22:56:02.868"/>
</kw>
<kw name="Fetch From Right" library="String">
<var>${element}</var>
<arg>${element}</arg>
<arg>(</arg>
<doc>Returns contents of the ``string`` after the last occurrence of ``marker``.</doc>
<msg timestamp="20230512 22:56:02.868" level="INFO">${element} = 2019)</msg>
<status status="PASS" starttime="20230512 22:56:02.868" endtime="20230512 22:56:02.868"/>
</kw>
<kw name="Remove String" library="String">
<var>${element}</var>
<arg>${element}</arg>
<arg>)</arg>
<doc>Removes all ``removables`` from the given ``string``.</doc>
<msg timestamp="20230512 22:56:02.868" level="INFO">${element} = 2019</msg>
<status status="PASS" starttime="20230512 22:56:02.868" endtime="20230512 22:56:02.868"/>
</kw>
<kw name="Convert To Integer" library="BuiltIn">
<var>${element}</var>
<arg>${element}</arg>
<doc>Converts the given item to an integer number.</doc>
<msg timestamp="20230512 22:56:02.868" level="INFO">${element} = 2019</msg>
<status status="PASS" starttime="20230512 22:56:02.868" endtime="20230512 22:56:02.868"/>
</kw>
<kw name="Should Be True" library="BuiltIn">
<arg>${element}&gt;=${minDate} and ${element}&lt;=${maxDate}</arg>
<doc>Fails if the given condition is not true.</doc>
<status status="PASS" starttime="20230512 22:56:02.868" endtime="20230512 22:56:02.868"/>
</kw>
<status status="PASS" starttime="20230512 22:56:02.852" endtime="20230512 22:56:02.868"/>
</iter>
<iter>
<var name="${element}">&lt;selenium.webdriver.remote.webelement.WebElement (session="145d64d766722aaf91fd29896ba0529f", element="0475F24B026B11D7729668DBA6FB7222_element_227")&gt;</var>
<kw name="Get Text" library="SeleniumLibrary">
<var>${element}</var>
<arg>${element}</arg>
<doc>Returns the text value of the element identified by ``locator``.</doc>
<msg timestamp="20230512 22:56:02.892" level="INFO">${element} = (2019)</msg>
<status status="PASS" starttime="20230512 22:56:02.868" endtime="20230512 22:56:02.892"/>
</kw>
<kw name="Fetch From Right" library="String">
<var>${element}</var>
<arg>${element}</arg>
<arg>(</arg>
<doc>Returns contents of the ``string`` after the last occurrence of ``marker``.</doc>
<msg timestamp="20230512 22:56:02.892" level="INFO">${element} = 2019)</msg>
<status status="PASS" starttime="20230512 22:56:02.892" endtime="20230512 22:56:02.892"/>
</kw>
<kw name="Remove String" library="String">
<var>${element}</var>
<arg>${element}</arg>
<arg>)</arg>
<doc>Removes all ``removables`` from the given ``string``.</doc>
<msg timestamp="20230512 22:56:02.893" level="INFO">${element} = 2019</msg>
<status status="PASS" starttime="20230512 22:56:02.893" endtime="20230512 22:56:02.893"/>
</kw>
<kw name="Convert To Integer" library="BuiltIn">
<var>${element}</var>
<arg>${element}</arg>
<doc>Converts the given item to an integer number.</doc>
<msg timestamp="20230512 22:56:02.893" level="INFO">${element} = 2019</msg>
<status status="PASS" starttime="20230512 22:56:02.893" endtime="20230512 22:56:02.893"/>
</kw>
<kw name="Should Be True" library="BuiltIn">
<arg>${element}&gt;=${minDate} and ${element}&lt;=${maxDate}</arg>
<doc>Fails if the given condition is not true.</doc>
<status status="PASS" starttime="20230512 22:56:02.893" endtime="20230512 22:56:02.894"/>
</kw>
<status status="PASS" starttime="20230512 22:56:02.868" endtime="20230512 22:56:02.894"/>
</iter>
<iter>
<var name="${element}">&lt;selenium.webdriver.remote.webelement.WebElement (session="145d64d766722aaf91fd29896ba0529f", element="0475F24B026B11D7729668DBA6FB7222_element_228")&gt;</var>
<kw name="Get Text" library="SeleniumLibrary">
<var>${element}</var>
<arg>${element}</arg>
<doc>Returns the text value of the element identified by ``locator``.</doc>
<msg timestamp="20230512 22:56:02.901" level="INFO">${element} = (2014)</msg>
<status status="PASS" starttime="20230512 22:56:02.894" endtime="20230512 22:56:02.901"/>
</kw>
<kw name="Fetch From Right" library="String">
<var>${element}</var>
<arg>${element}</arg>
<arg>(</arg>
<doc>Returns contents of the ``string`` after the last occurrence of ``marker``.</doc>
<msg timestamp="20230512 22:56:02.901" level="INFO">${element} = 2014)</msg>
<status status="PASS" starttime="20230512 22:56:02.901" endtime="20230512 22:56:02.901"/>
</kw>
<kw name="Remove String" library="String">
<var>${element}</var>
<arg>${element}</arg>
<arg>)</arg>
<doc>Removes all ``removables`` from the given ``string``.</doc>
<msg timestamp="20230512 22:56:02.901" level="INFO">${element} = 2014</msg>
<status status="PASS" starttime="20230512 22:56:02.901" endtime="20230512 22:56:02.901"/>
</kw>
<kw name="Convert To Integer" library="BuiltIn">
<var>${element}</var>
<arg>${element}</arg>
<doc>Converts the given item to an integer number.</doc>
<msg timestamp="20230512 22:56:02.902" level="INFO">${element} = 2014</msg>
<status status="PASS" starttime="20230512 22:56:02.902" endtime="20230512 22:56:02.902"/>
</kw>
<kw name="Should Be True" library="BuiltIn">
<arg>${element}&gt;=${minDate} and ${element}&lt;=${maxDate}</arg>
<doc>Fails if the given condition is not true.</doc>
<status status="PASS" starttime="20230512 22:56:02.902" endtime="20230512 22:56:02.902"/>
</kw>
<status status="PASS" starttime="20230512 22:56:02.894" endtime="20230512 22:56:02.902"/>
</iter>
<iter>
<var name="${element}">&lt;selenium.webdriver.remote.webelement.WebElement (session="145d64d766722aaf91fd29896ba0529f", element="0475F24B026B11D7729668DBA6FB7222_element_229")&gt;</var>
<kw name="Get Text" library="SeleniumLibrary">
<var>${element}</var>
<arg>${element}</arg>
<doc>Returns the text value of the element identified by ``locator``.</doc>
<msg timestamp="20230512 22:56:02.908" level="INFO">${element} = (2011)</msg>
<status status="PASS" starttime="20230512 22:56:02.903" endtime="20230512 22:56:02.908"/>
</kw>
<kw name="Fetch From Right" library="String">
<var>${element}</var>
<arg>${element}</arg>
<arg>(</arg>
<doc>Returns contents of the ``string`` after the last occurrence of ``marker``.</doc>
<msg timestamp="20230512 22:56:02.908" level="INFO">${element} = 2011)</msg>
<status status="PASS" starttime="20230512 22:56:02.908" endtime="20230512 22:56:02.908"/>
</kw>
<kw name="Remove String" library="String">
<var>${element}</var>
<arg>${element}</arg>
<arg>)</arg>
<doc>Removes all ``removables`` from the given ``string``.</doc>
<msg timestamp="20230512 22:56:02.908" level="INFO">${element} = 2011</msg>
<status status="PASS" starttime="20230512 22:56:02.908" endtime="20230512 22:56:02.908"/>
</kw>
<kw name="Convert To Integer" library="BuiltIn">
<var>${element}</var>
<arg>${element}</arg>
<doc>Converts the given item to an integer number.</doc>
<msg timestamp="20230512 22:56:02.908" level="INFO">${element} = 2011</msg>
<status status="PASS" starttime="20230512 22:56:02.908" endtime="20230512 22:56:02.908"/>
</kw>
<kw name="Should Be True" library="BuiltIn">
<arg>${element}&gt;=${minDate} and ${element}&lt;=${maxDate}</arg>
<doc>Fails if the given condition is not true.</doc>
<status status="PASS" starttime="20230512 22:56:02.908" endtime="20230512 22:56:02.908"/>
</kw>
<status status="PASS" starttime="20230512 22:56:02.902" endtime="20230512 22:56:02.908"/>
</iter>
<iter>
<var name="${element}">&lt;selenium.webdriver.remote.webelement.WebElement (session="145d64d766722aaf91fd29896ba0529f", element="0475F24B026B11D7729668DBA6FB7222_element_230")&gt;</var>
<kw name="Get Text" library="SeleniumLibrary">
<var>${element}</var>
<arg>${element}</arg>
<doc>Returns the text value of the element identified by ``locator``.</doc>
<msg timestamp="20230512 22:56:02.912" level="INFO">${element} = (2019)</msg>
<status status="PASS" starttime="20230512 22:56:02.912" endtime="20230512 22:56:02.912"/>
</kw>
<kw name="Fetch From Right" library="String">
<var>${element}</var>
<arg>${element}</arg>
<arg>(</arg>
<doc>Returns contents of the ``string`` after the last occurrence of ``marker``.</doc>
<msg timestamp="20230512 22:56:02.912" level="INFO">${element} = 2019)</msg>
<status status="PASS" starttime="20230512 22:56:02.912" endtime="20230512 22:56:02.912"/>
</kw>
<kw name="Remove String" library="String">
<var>${element}</var>
<arg>${element}</arg>
<arg>)</arg>
<doc>Removes all ``removables`` from the given ``string``.</doc>
<msg timestamp="20230512 22:56:02.912" level="INFO">${element} = 2019</msg>
<status status="PASS" starttime="20230512 22:56:02.912" endtime="20230512 22:56:02.912"/>
</kw>
<kw name="Convert To Integer" library="BuiltIn">
<var>${element}</var>
<arg>${element}</arg>
<doc>Converts the given item to an integer number.</doc>
<msg timestamp="20230512 22:56:02.912" level="INFO">${element} = 2019</msg>
<status status="PASS" starttime="20230512 22:56:02.912" endtime="20230512 22:56:02.912"/>
</kw>
<kw name="Should Be True" library="BuiltIn">
<arg>${element}&gt;=${minDate} and ${element}&lt;=${maxDate}</arg>
<doc>Fails if the given condition is not true.</doc>
<status status="PASS" starttime="20230512 22:56:02.912" endtime="20230512 22:56:02.912"/>
</kw>
<status status="PASS" starttime="20230512 22:56:02.912" endtime="20230512 22:56:02.912"/>
</iter>
<iter>
<var name="${element}">&lt;selenium.webdriver.remote.webelement.WebElement (session="145d64d766722aaf91fd29896ba0529f", element="0475F24B026B11D7729668DBA6FB7222_element_231")&gt;</var>
[...]
<msg timestamp="20230512 22:56:07.067" level="INFO">${element} = 9.0</msg>
<status status="PASS" starttime="20230512 22:56:07.067" endtime="20230512 22:56:07.067"/>
</kw>
<kw name="Append To List" library="Collections">
<arg>${sortedRatesList}</arg>
<arg>${element}</arg>
<doc>Adds ``values`` to the end of ``list``.</doc>
<status status="PASS" starttime="20230512 22:56:07.067" endtime="20230512 22:56:07.067"/>
</kw>
<kw name="Append To List" library="Collections">
<arg>${sortedRatesOriginalList}</arg>
<arg>${element}</arg>
<doc>Adds ``values`` to the end of ``list``.</doc>
<status status="PASS" starttime="20230512 22:56:07.067" endtime="20230512 22:56:07.067"/>
</kw>
<status status="PASS" starttime="20230512 22:56:07.067" endtime="20230512 22:56:07.067"/>
</iter>
<iter>
<var name="${element}">&lt;selenium.webdriver.remote.webelement.WebElement (session="145d64d766722aaf91fd29896ba0529f", element="0475F24B026B11D7729668DBA6FB7222_element_320")&gt;</var>
<kw name="Get Text" library="SeleniumLibrary">
<var>${element}</var>
<arg>${element}</arg>
<doc>Returns the text value of the element identified by ``locator``.</doc>
<msg timestamp="20230512 22:56:07.082" level="INFO">${element} = 9.0</msg>
<status status="PASS" starttime="20230512 22:56:07.067" endtime="20230512 22:56:07.082"/>
</kw>
<kw name="Convert To Number" library="BuiltIn">
<var>${element}</var>
<arg>${element}</arg>
<doc>Converts the given item to a floating point number.</doc>
<msg timestamp="20230512 22:56:07.082" level="INFO">${element} = 9.0</msg>
<status status="PASS" starttime="20230512 22:56:07.082" endtime="20230512 22:56:07.082"/>
</kw>
<kw name="Append To List" library="Collections">
<arg>${sortedRatesList}</arg>
<arg>${element}</arg>
<doc>Adds ``values`` to the end of ``list``.</doc>
<status status="PASS" starttime="20230512 22:56:07.082" endtime="20230512 22:56:07.082"/>
</kw>
<kw name="Append To List" library="Collections">
<arg>${sortedRatesOriginalList}</arg>
<arg>${element}</arg>
<doc>Adds ``values`` to the end of ``list``.</doc>
<status status="PASS" starttime="20230512 22:56:07.082" endtime="20230512 22:56:07.082"/>
</kw>
<status status="PASS" starttime="20230512 22:56:07.067" endtime="20230512 22:56:07.082"/>
</iter>
<iter>
<var name="${element}">&lt;selenium.webdriver.remote.webelement.WebElement (session="145d64d766722aaf91fd29896ba0529f", element="0475F24B026B11D7729668DBA6FB7222_element_321")&gt;</var>
<kw name="Get Text" library="SeleniumLibrary">
<var>${element}</var>
<arg>${element}</arg>
<doc>Returns the text value of the element identified by ``locator``.</doc>
<msg timestamp="20230512 22:56:07.082" level="INFO">${element} = 9.0</msg>
<status status="PASS" starttime="20230512 22:56:07.082" endtime="20230512 22:56:07.082"/>
</kw>
<kw name="Convert To Number" library="BuiltIn">
<var>${element}</var>
<arg>${element}</arg>
<doc>Converts the given item to a floating point number.</doc>
<msg timestamp="20230512 22:56:07.082" level="INFO">${element} = 9.0</msg>
<status status="PASS" starttime="20230512 22:56:07.082" endtime="20230512 22:56:07.082"/>
</kw>
<kw name="Append To List" library="Collections">
<arg>${sortedRatesList}</arg>
<arg>${element}</arg>
<doc>Adds ``values`` to the end of ``list``.</doc>
<status status="PASS" starttime="20230512 22:56:07.082" endtime="20230512 22:56:07.082"/>
</kw>
<kw name="Append To List" library="Collections">
<arg>${sortedRatesOriginalList}</arg>
<arg>${element}</arg>
<doc>Adds ``values`` to the end of ``list``.</doc>
<status status="PASS" starttime="20230512 22:56:07.098" endtime="20230512 22:56:07.098"/>
</kw>
<status status="PASS" starttime="20230512 22:56:07.082" endtime="20230512 22:56:07.098"/>
</iter>
<iter>
<var name="${element}">&lt;selenium.webdriver.remote.webelement.WebElement (session="145d64d766722aaf91fd29896ba0529f", element="0475F24B026B11D7729668DBA6FB7222_element_322")&gt;</var>
<kw name="Get Text" library="SeleniumLibrary">
<var>${element}</var>
<arg>${element}</arg>
<doc>Returns the text value of the element identified by ``locator``.</doc>
<msg timestamp="20230512 22:56:07.098" level="INFO">${element} = 9.0</msg>
<status status="PASS" starttime="20230512 22:56:07.098" endtime="20230512 22:56:07.098"/>
</kw>
<kw name="Convert To Number" library="BuiltIn">
<var>${element}</var>
<arg>${element}</arg>
<doc>Converts the given item to a floating point number.</doc>
<msg timestamp="20230512 22:56:07.098" level="INFO">${element} = 9.0</msg>
<status status="PASS" starttime="20230512 22:56:07.098" endtime="20230512 22:56:07.098"/>
</kw>
<kw name="Append To List" library="Collections">
<arg>${sortedRatesList}</arg>
<arg>${element}</arg>
<doc>Adds ``values`` to the end of ``list``.</doc>
<status status="PASS" starttime="20230512 22:56:07.098" endtime="20230512 22:56:07.098"/>
</kw>
<kw name="Append To List" library="Collections">
<arg>${sortedRatesOriginalList}</arg>
<arg>${element}</arg>
<doc>Adds ``values`` to the end of ``list``.</doc>
<status status="PASS" starttime="20230512 22:56:07.098" endtime="20230512 22:56:07.098"/>
</kw>
<status status="PASS" starttime="20230512 22:56:07.098" endtime="20230512 22:56:07.098"/>
</iter>
<iter>
<var name="${element}">&lt;selenium.webdriver.remote.webelement.WebElement (session="145d64d766722aaf91fd29896ba0529f", element="0475F24B026B11D7729668DBA6FB7222_element_323")&gt;</var>
<kw name="Get Text" library="SeleniumLibrary">
<var>${element}</var>
<arg>${element}</arg>
<doc>Returns the text value of the element identified by ``locator``.</doc>
<msg timestamp="20230512 22:56:07.098" level="INFO">${element} = 8.9</msg>
<status status="PASS" starttime="20230512 22:56:07.098" endtime="20230512 22:56:07.098"/>
</kw>
<kw name="Convert To Number" library="BuiltIn">
<var>${element}</var>
<arg>${element}</arg>
<doc>Converts the given item to a floating point number.</doc>
<msg timestamp="20230512 22:56:07.098" level="INFO">${element} = 8.9</msg>
<status status="PASS" starttime="20230512 22:56:07.098" endtime="20230512 22:56:07.098"/>
</kw>
<kw name="Append To List" library="Collections">
<arg>${sortedRatesList}</arg>
<arg>${element}</arg>
<doc>Adds ``values`` to the end of ``list``.</doc>
<status status="PASS" starttime="20230512 22:56:07.098" endtime="20230512 22:56:07.098"/>
</kw>
<kw name="Append To List" library="Collections">
<arg>${sortedRatesOriginalList}</arg>
<arg>${element}</arg>
<doc>Adds ``values`` to the end of ``list``.</doc>
<status status="PASS" starttime="20230512 22:56:07.098" endtime="20230512 22:56:07.098"/>
</kw>
<status status="PASS" starttime="20230512 22:56:07.098" endtime="20230512 22:56:07.098"/>
</iter>
<iter>
<var name="${element}">&lt;selenium.webdriver.remote.webelement.WebElement (session="145d64d766722aaf91fd29896ba0529f", element="0475F24B026B11D7729668DBA6FB7222_element_324")&gt;</var>
<kw name="Get Text" library="SeleniumLibrary">
<var>${element}</var>
<arg>${element}</arg>
<doc>Returns the text value of the element identified by ``locator``.</doc>
<msg timestamp="20230512 22:56:07.114" level="INFO">${element} = 8.9</msg>
<status status="PASS" starttime="20230512 22:56:07.098" endtime="20230512 22:56:07.114"/>
</kw>
<kw name="Convert To Number" library="BuiltIn">
<var>${element}</var>
<arg>${element}</arg>
<doc>Converts the given item to a floating point number.</doc>
<msg timestamp="20230512 22:56:07.114" level="INFO">${element} = 8.9</msg>
<status status="PASS" starttime="20230512 22:56:07.114" endtime="20230512 22:56:07.114"/>
</kw>
<kw name="Append To List" library="Collections">
<arg>${sortedRatesList}</arg>
<arg>${element}</arg>
<doc>Adds ``values`` to the end of ``list``.</doc>
<status status="PASS" starttime="20230512 22:56:07.114" endtime="20230512 22:56:07.114"/>
</kw>
<kw name="Append To List" library="Collections">
<arg>${sortedRatesOriginalList}</arg>
<arg>${element}</arg>
<doc>Adds ``values`` to the end of ``list``.</doc>
<status status="PASS" starttime="20230512 22:56:07.114" endtime="20230512 22:56:07.114"/>
</kw>
<status status="PASS" starttime="20230512 22:56:07.098" endtime="20230512 22:56:07.114"/>
</iter>
<iter>
<var name="${element}">&lt;selenium.webdriver.remote.webelement.WebElement (session="145d64d766722aaf91fd29896ba0529f", element="0475F24B026B11D7729668DBA6FB7222_element_325")&gt;</var>
<kw name="Get Text" library="SeleniumLibrary">
<var>${element}</var>
<arg>${element}</arg>
<doc>Returns the text value of the element identified by ``locator``.</doc>
<msg timestamp="20230512 22:56:07.121" level="INFO">${element} = 8.9</msg>
<status status="PASS" starttime="20230512 22:56:07.121" endtime="20230512 22:56:07.121"/>
</kw>
<kw name="Convert To Number" library="BuiltIn">
<var>${element}</var>
<arg>${element}</arg>
<doc>Converts the given item to a floating point number.</doc>
<msg timestamp="20230512 22:56:07.121" level="INFO">${element} = 8.9</msg>
<status status="PASS" starttime="20230512 22:56:07.121" endtime="20230512 22:56:07.121"/>
</kw>
<kw name="Append To List" library="Collections">
<arg>${sortedRatesList}</arg>
<arg>${element}</arg>
<doc>Adds ``values`` to the end of ``list``.</doc>
<status status="PASS" starttime="20230512 22:56:07.121" endtime="20230512 22:56:07.121"/>
</kw>
<kw name="Append To List" library="Collections">
<arg>${sortedRatesOriginalList}</arg>
<arg>${element}</arg>
<doc>Adds ``values`` to the end of ``list``.</doc>
<status status="PASS" starttime="20230512 22:56:07.121" endtime="20230512 22:56:07.121"/>
</kw>
<status status="PASS" starttime="20230512 22:56:07.114" endtime="20230512 22:56:07.121"/>
</iter>
<status status="PASS" starttime="20230512 22:56:06.693" endtime="20230512 22:56:07.121"/>
</for>
<kw name="Sort List" library="Collections">
<arg>${sortedRatesList}</arg>
<doc>Sorts the given list in place.</doc>
<status status="PASS" starttime="20230512 22:56:07.121" endtime="20230512 22:56:07.121"/>
</kw>
<kw name="Reverse List" library="Collections">
<arg>${sortedRatesList}</arg>
<doc>Reverses the given list in place.</doc>
<status status="PASS" starttime="20230512 22:56:07.121" endtime="20230512 22:56:07.121"/>
</kw>
<kw name="Log" library="BuiltIn">
<arg>${sortedRatesList}</arg>
<doc>Logs the given message with the given level.</doc>
<msg timestamp="20230512 22:56:07.121" level="INFO">[9.6, 9.6, 9.6, 9.6, 9.5, 9.5, 9.5, 9.5, 9.4, 9.4, 9.4, 9.4, 9.3, 9.3, 9.3, 9.2, 9.2, 9.2, 9.2, 9.2, 9.2, 9.2, 9.2, 9.2, 9.2, 9.2, 9.1, 9.1, 9.1, 9.1, 9.1, 9.1, 9.1, 9.0, 9.0, 9.0, 9.0, 9.0, 9.0, 9.0, 9.0, 9.0, 9.0, 9.0, 9.0, 9.0, 9.0, 8.9, 8.9, 8.9]</msg>
<status status="PASS" starttime="20230512 22:56:07.121" endtime="20230512 22:56:07.121"/>
</kw>
<kw name="Log" library="BuiltIn">
<arg>${allRatesOfItems}</arg>
<doc>Logs the given message with the given level.</doc>
<msg timestamp="20230512 22:56:07.121" level="INFO">[&lt;selenium.webdriver.remote.webelement.WebElement (session="145d64d766722aaf91fd29896ba0529f", element="0475F24B026B11D7729668DBA6FB7222_element_276")&gt;, &lt;selenium.webdriver.remote.webelement.WebElement (session="145d64d766722aaf91fd29896ba0529f", element="0475F24B026B11D7729668DBA6FB7222_element_277")&gt;, &lt;selenium.webdriver.remote.webelement.WebElement (session="145d64d766722aaf91fd29896ba0529f", element="0475F24B026B11D7729668DBA6FB7222_element_278")&gt;, &lt;selenium.webdriver.remote.webelement.WebElement (session="145d64d766722aaf91fd29896ba0529f", element="0475F24B026B11D7729668DBA6FB7222_element_279")&gt;, &lt;selenium.webdriver.remote.webelement.WebElement (session="145d64d766722aaf91fd29896ba0529f", element="0475F24B026B11D7729668DBA6FB7222_element_280")&gt;, &lt;selenium.webdriver.remote.webelement.WebElement (session="145d64d766722aaf91fd29896ba0529f", element="0475F24B026B11D7729668DBA6FB7222_element_281")&gt;, &lt;selenium.webdriver.remote.webelement.WebElement (session="145d64d766722aaf91fd29896ba0529f", element="0475F24B026B11D7729668DBA6FB7222_element_282")&gt;, &lt;selenium.webdriver.remote.webelement.WebElement (session="145d64d766722aaf91fd29896ba0529f", element="0475F24B026B11D7729668DBA6FB7222_element_283")&gt;, &lt;selenium.webdriver.remote.webelement.WebElement (session="145d64d766722aaf91fd29896ba0529f", element="0475F24B026B11D7729668DBA6FB7222_element_284")&gt;, &lt;selenium.webdriver.remote.webelement.WebElement (session="145d64d766722aaf91fd29896ba0529f", element="0475F24B026B11D7729668DBA6FB7222_element_285")&gt;, &lt;selenium.webdriver.remote.webelement.WebElement (session="145d64d766722aaf91fd29896ba0529f", element="0475F24B026B11D7729668DBA6FB7222_element_286")&gt;, &lt;selenium.webdriver.remote.webelement.WebElement (session="145d64d766722aaf91fd29896ba0529f", element="0475F24B026B11D7729668DBA6FB7222_element_287")&gt;, &lt;selenium.webdriver.remote.webelement.WebElement (session="145d64d766722aaf91fd29896ba0529f", element="0475F24B026B11D7729668DBA6FB7222_element_288")&gt;, &lt;selenium.webdriver.remote.webelement.WebElement (session="145d64d766722aaf91fd29896ba0529f", element="0475F24B026B11D7729668DBA6FB7222_element_289")&gt;, &lt;selenium.webdriver.remote.webelement.WebElement (session="145d64d766722aaf91fd29896ba0529f", element="0475F24B026B11D7729668DBA6FB7222_element_290")&gt;, &lt;selenium.webdriver.remote.webelement.WebElement (session="145d64d766722aaf91fd29896ba0529f", element="0475F24B026B11D7729668DBA6FB7222_element_291")&gt;, &lt;selenium.webdriver.remote.webelement.WebElement (session="145d64d766722aaf91fd29896ba0529f", element="0475F24B026B11D7729668DBA6FB7222_element_292")&gt;, &lt;selenium.webdriver.remote.webelement.WebElement (session="145d64d766722aaf91fd29896ba0529f", element="0475F24B026B11D7729668DBA6FB7222_element_293")&gt;, &lt;selenium.webdriver.remote.webelement.WebElement (session="145d64d766722aaf91fd29896ba0529f", element="0475F24B026B11D7729668DBA6FB7222_element_294")&gt;, &lt;selenium.webdriver.remote.webelement.WebElement (session="145d64d766722aaf91fd29896ba0529f", element="0475F24B026B11D7729668DBA6FB7222_element_295")&gt;, &lt;selenium.webdriver.remote.webelement.WebElement (session="145d64d766722aaf91fd29896ba0529f", element="0475F24B026B11D7729668DBA6FB7222_element_296")&gt;, &lt;selenium.webdriver.remote.webelement.WebElement (session="145d64d766722aaf91fd29896ba0529f", element="0475F24B026B11D7729668DBA6FB7222_element_297")&gt;, &lt;selenium.webdriver.remote.webelement.WebElement (session="145d64d766722aaf91fd29896ba0529f", element="0475F24B026B11D7729668DBA6FB7222_element_298")&gt;, &lt;selenium.webdriver.remote.webelement.WebElement (session="145d64d766722aaf91fd29896ba0529f", element="0475F24B026B11D7729668DBA6FB7222_element_299")&gt;, &lt;selenium.webdriver.remote.webelement.WebElement (session="145d64d766722aaf91fd29896ba0529f", element="0475F24B026B11D7729668DBA6FB7222_element_300")&gt;, &lt;selenium.webdriver.remote.webelement.WebElement (session="145d64d766722aaf91fd29896ba0529f", element="0475F24B026B11D7729668DBA6FB7222_element_301")&gt;, &lt;selenium.webdriver.remote.webelement.WebElement (session="145d64d766722aaf91fd29896ba0529f", element="0475F24B026B11D7729668DBA6FB7222_element_302")&gt;, &lt;selenium.webdriver.remote.webelement.WebElement (session="145d64d766722aaf91fd29896ba0529f", element="0475F24B026B11D7729668DBA6FB7222_element_303")&gt;, &lt;selenium.webdriver.remote.webelement.WebElement (session="145d64d766722aaf91fd29896ba0529f", element="0475F24B026B11D7729668DBA6FB7222_element_304")&gt;, &lt;selenium.webdriver.remote.webelement.WebElement (session="145d64d766722aaf91fd29896ba0529f", element="0475F24B026B11D7729668DBA6FB7222_element_305")&gt;, &lt;selenium.webdriver.remote.webelement.WebElement (session="145d64d766722aaf91fd29896ba0529f", element="0475F24B026B11D7729668DBA6FB7222_element_306")&gt;, &lt;selenium.webdriver.remote.webelement.WebElement (session="145d64d766722aaf91fd29896ba0529f", element="0475F24B026B11D7729668DBA6FB7222_element_307")&gt;, &lt;selenium.webdriver.remote.webelement.WebElement (session="145d64d766722aaf91fd29896ba0529f", element="0475F24B026B11D7729668DBA6FB7222_element_308")&gt;, &lt;selenium.webdriver.remote.webelement.WebElement (session="145d64d766722aaf91fd29896ba0529f", element="0475F24B026B11D7729668DBA6FB7222_element_309")&gt;, &lt;selenium.webdriver.remote.webelement.WebElement (session="145d64d766722aaf91fd29896ba0529f", element="0475F24B026B11D7729668DBA6FB7222_element_310")&gt;, &lt;selenium.webdriver.remote.webelement.WebElement (session="145d64d766722aaf91fd29896ba0529f", element="0475F24B026B11D7729668DBA6FB7222_element_311")&gt;, &lt;selenium.webdriver.remote.webelement.WebElement (session="145d64d766722aaf91fd29896ba0529f", element="0475F24B026B11D7729668DBA6FB7222_element_312")&gt;, &lt;selenium.webdriver.remote.webelement.WebElement (session="145d64d766722aaf91fd29896ba0529f", element="0475F24B026B11D7729668DBA6FB7222_element_313")&gt;, &lt;selenium.webdriver.remote.webelement.WebElement (session="145d64d766722aaf91fd29896ba0529f", element="0475F24B026B11D7729668DBA6FB7222_element_314")&gt;, &lt;selenium.webdriver.remote.webelement.WebElement (session="145d64d766722aaf91fd29896ba0529f", element="0475F24B026B11D7729668DBA6FB7222_element_315")&gt;, &lt;selenium.webdriver.remote.webelement.WebElement (session="145d64d766722aaf91fd29896ba0529f", element="0475F24B026B11D7729668DBA6FB7222_element_316")&gt;, &lt;selenium.webdriver.remote.webelement.WebElement (session="145d64d766722aaf91fd29896ba0529f", element="0475F24B026B11D7729668DBA6FB7222_element_317")&gt;, &lt;selenium.webdriver.remote.webelement.WebElement (session="145d64d766722aaf91fd29896ba0529f", element="0475F24B026B11D7729668DBA6FB7222_element_318")&gt;, &lt;selenium.webdriver.remote.webelement.WebElement (session="145d64d766722aaf91fd29896ba0529f", element="0475F24B026B11D7729668DBA6FB7222_element_319")&gt;, &lt;selenium.webdriver.remote.webelement.WebElement (session="145d64d766722aaf91fd29896ba0529f", element="0475F24B026B11D7729668DBA6FB7222_element_320")&gt;, &lt;selenium.webdriver.remote.webelement.WebElement (session="145d64d766722aaf91fd29896ba0529f", element="0475F24B026B11D7729668DBA6FB7222_element_321")&gt;, &lt;selenium.webdriver.remote.webelement.WebElement (session="145d64d766722aaf91fd29896ba0529f", element="0475F24B026B11D7729668DBA6FB7222_element_322")&gt;, &lt;selenium.webdriver.remote.webelement.WebElement (session="145d64d766722aaf91fd29896ba0529f", element="0475F24B026B11D7729668DBA6FB7222_element_323")&gt;, &lt;selenium.webdriver.remote.webelement.WebElement (session="145d64d766722aaf91fd29896ba0529f", element="0475F24B026B11D7729668DBA6FB7222_element_324")&gt;, &lt;selenium.webdriver.remote.webelement.WebElement (session="145d64d766722aaf91fd29896ba0529f", element="0475F24B026B11D7729668DBA6FB7222_element_325")&gt;]</msg>
<status status="PASS" starttime="20230512 22:56:07.121" endtime="20230512 22:56:07.121"/>
</kw>
<kw name="Lists Should Be Equal" library="Collections">
<arg>${sortedRatesList}</arg>
<arg>${sortedRatesOriginalList}</arg>
<arg>Items Not Sorted By Rates</arg>
<doc>Fails if given lists are unequal.</doc>
<status status="PASS" starttime="20230512 22:56:07.121" endtime="20230512 22:56:07.130"/>
</kw>
<kw name="Sleep" library="BuiltIn">
<arg>5</arg>
<doc>Pauses the test executed for the given time.</doc>
<msg timestamp="20230512 22:56:12.135" level="INFO">Slept 5 seconds</msg>
<status status="PASS" starttime="20230512 22:56:07.130" endtime="20230512 22:56:12.135"/>
</kw>
<kw name="Close Browser" library="SeleniumLibrary" type="TEARDOWN">
<doc>Closes the current browser.</doc>
<status status="PASS" starttime="20230512 22:56:12.135" endtime="20230512 22:56:14.249"/>
</kw>
<status status="PASS" starttime="20230512 22:55:19.218" endtime="20230512 22:56:14.249"/>
</test>
<status status="PASS" starttime="20230512 22:54:23.735" endtime="20230512 22:56:14.249"/>
</suite>
<statistics>
<total>
<stat pass="3" fail="0" skip="0">All Tests</stat>
</total>
<tag>
</tag>
<suite>
<stat pass="3" fail="0" skip="0" id="s1" name="Imdb">Imdb</stat>
</suite>
</statistics>
<errors>
</errors>
</robot>
